Using pre-set license
Built from '2022.2/staging' branch; Version is '2022.2.18f1 (5ebc6493a86f) revision 6208612'; Using compiler version '192829333'; Build Type 'Release'
OS: 'Windows 10  (10.0.19045) 64bit Core' Language: 'ru' Physical Memory: 7600 MB
BatchMode: 1, IsHumanControllingUs: 0, StartBugReporterOnCrash: 0, Is64bit: 1, IsPro: 1

COMMAND LINE ARGUMENTS:
C:\Program Files\Unity\Hub\Editor\2020.3.20f1\Editor\2022.2.18f1\Editor\Unity.exe
-adb2
-batchMode
-noUpm
-name
AssetImportWorker0
-projectPath
C:/Users/veden/Desktop/HospitalGTA/HospitalGTA
-logFile
Logs/AssetImportWorker0.log
-srvPort
50003
Successfully changed project path to: C:/Users/veden/Desktop/HospitalGTA/HospitalGTA
C:/Users/veden/Desktop/HospitalGTA/HospitalGTA
[UnityMemory] Configuration Parameters - Can be set up in boot.config
    "memorysetup-bucket-allocator-granularity=16"
    "memorysetup-bucket-allocator-bucket-count=8"
    "memorysetup-bucket-allocator-block-size=33554432"
    "memorysetup-bucket-allocator-block-count=8"
    "memorysetup-main-allocator-block-size=16777216"
    "memorysetup-thread-allocator-block-size=16777216"
    "memorysetup-gfx-main-allocator-block-size=16777216"
    "memorysetup-gfx-thread-allocator-block-size=16777216"
    "memorysetup-cache-allocator-block-size=4194304"
    "memorysetup-typetree-allocator-block-size=2097152"
    "memorysetup-profiler-bucket-allocator-granularity=16"
    "memorysetup-profiler-bucket-allocator-bucket-count=8"
    "memorysetup-profiler-bucket-allocator-block-size=33554432"
    "memorysetup-profiler-bucket-allocator-block-count=8"
    "memorysetup-profiler-allocator-block-size=16777216"
    "memorysetup-profiler-editor-allocator-block-size=1048576"
    "memorysetup-temp-allocator-size-main=16777216"
    "memorysetup-job-temp-allocator-block-size=2097152"
    "memorysetup-job-temp-allocator-block-size-background=1048576"
    "memorysetup-job-temp-allocator-reduction-small-platforms=262144"
    "memorysetup-temp-allocator-size-background-worker=32768"
    "memorysetup-temp-allocator-size-job-worker=262144"
    "memorysetup-temp-allocator-size-preload-manager=33554432"
    "memorysetup-temp-allocator-size-nav-mesh-worker=65536"
    "memorysetup-temp-allocator-size-audio-worker=65536"
    "memorysetup-temp-allocator-size-cloud-worker=32768"
    "memorysetup-temp-allocator-size-gi-baking-worker=262144"
    "memorysetup-temp-allocator-size-gfx=262144"
Player connection [9360] Host "[IP] 26.236.141.44 [Port] 0 [Flags] 2 [Guid] 3681919240 [EditorId] 3681919240 [Version] 1048832 [Id] WindowsEditor(7,DESKTOP-MVTNKKI) [Debug] 1 [PackageName] WindowsEditor [ProjectName] Editor" joined multi-casting on [225.0.0.222:54997]...

Player connection [9360] Host "[IP] 26.236.141.44 [Port] 0 [Flags] 2 [Guid] 3681919240 [EditorId] 3681919240 [Version] 1048832 [Id] WindowsEditor(7,DESKTOP-MVTNKKI) [Debug] 1 [PackageName] WindowsEditor [ProjectName] Editor" joined alternative multi-casting on [225.0.0.222:34997]...

Refreshing native plugins compatible for Editor in 1972.53 ms, found 3 plugins.
Preloading 0 native plugins for Editor in 0.00 ms.
Initialize engine version: 2022.2.18f1 (5ebc6493a86f)
[Subsystems] Discovering subsystems at path C:/Program Files/Unity/Hub/Editor/2020.3.20f1/Editor/2022.2.18f1/Editor/Data/Resources/UnitySubsystems
[Subsystems] Discovering subsystems at path C:/Users/veden/Desktop/HospitalGTA/HospitalGTA/Assets
GfxDevice: creating device client; threaded=0; jobified=0
Direct3D:
    Version:  Direct3D 11.0 [level 11.1]
    Renderer: NVIDIA GeForce RTX 3050 Laptop GPU (ID=0x25a5)
    Vendor:   NVIDIA
    VRAM:     3977 MB
    Driver:   31.0.15.2802
Initialize mono
Mono path[0] = 'C:/Program Files/Unity/Hub/Editor/2020.3.20f1/Editor/2022.2.18f1/Editor/Data/Managed'
Mono path[1] = 'C:/Program Files/Unity/Hub/Editor/2020.3.20f1/Editor/2022.2.18f1/Editor/Data/MonoBleedingEdge/lib/mono/unityjit-win32'
Mono config path = 'C:/Program Files/Unity/Hub/Editor/2020.3.20f1/Editor/2022.2.18f1/Editor/Data/MonoBleedingEdge/etc'
Using monoOptions --debugger-agent=transport=dt_socket,embedding=1,server=y,suspend=n,address=127.0.0.1:56000
Begin MonoManager ReloadAssembly
Registering precompiled unity dll's ...
Register platform support module: C:/Program Files/Unity/Hub/Editor/2020.3.20f1/Editor/2022.2.18f1/Editor/Data/PlaybackEngines/WebGLSupport/UnityEditor.WebGL.Extensions.dll
Register platform support module: C:/Program Files/Unity/Hub/Editor/2020.3.20f1/Editor/2022.2.18f1/Editor/Data/PlaybackEngines/AndroidPlayer/UnityEditor.Android.Extensions.dll
Register platform support module: C:/Program Files/Unity/Hub/Editor/2020.3.20f1/Editor/2022.2.18f1/Editor/Data/PlaybackEngines/WindowsStandaloneSupport/UnityEditor.WindowsStandalone.Extensions.dll
Registered in 0.469039 seconds.
- Loaded All Assemblies, in  7.930 seconds
Native extension for WindowsStandalone target not found
Native extension for Android target not found
Native extension for WebGL target not found
Mono: successfully reloaded assembly
- Finished resetting the current domain, in  0.504 seconds
Domain Reload Profiling:
	ReloadAssembly (6634ms)
		BeginReloadAssembly (5556ms)
			ExecutionOrderSort (0ms)
			DisableScriptedObjects (0ms)
			BackupInstance (0ms)
			ReleaseScriptingObjects (0ms)
			CreateAndSetChildDomain (1ms)
		LoadAllAssembliesAndSetupDomain (0ms)
			LoadAssemblies (5553ms)
			RebuildTransferFunctionScriptingTraits (0ms)
			SetupTypeCache (1282ms)
				TypeCache.Initialize (1281ms)
					TypeCache.ScanAssembly (1279ms)
				ResolveRequiredComponents (1ms)
		FinalizeReload (0ms)
			ReleaseScriptCaches (0ms)
			RebuildScriptCaches (0ms)
			SetupLoadedEditorAssemblies (424ms)
				LogAssemblyErrors (0ms)
				InitializePlatformSupportModulesInManaged (196ms)
				SetLoadedEditorAssemblies (7ms)
				RefreshPlugins (0ms)
				BeforeProcessingInitializeOnLoad (1ms)
				ProcessInitializeOnLoadAttributes (150ms)
				ProcessInitializeOnLoadMethodAttributes (70ms)
				AfterProcessingInitializeOnLoad (0ms)
				EditorAssembliesLoaded (0ms)
			ExecutionOrderSort2 (0ms)
			AwakeInstancesAfterBackupRestoration (0ms)
========================================================================
Worker process is ready to serve import requests
Begin MonoManager ReloadAssembly
Symbol file LoadedFromMemory doesn't match image C:\Users\veden\Desktop\HospitalGTA\HospitalGTA\Library\PackageCache\com.unity.visualscripting@1.8.0\Editor\VisualScripting.Core\Dependencies\YamlDotNet\Unity.VisualScripting.YamlDotNet.dll
Symbol file LoadedFromMemory doesn't match image C:\Users\veden\Desktop\HospitalGTA\HospitalGTA\Library\PackageCache\com.unity.visualscripting@1.8.0\Editor\VisualScripting.Core\Dependencies\DotNetZip\Unity.VisualScripting.IonicZip.dll
- Loaded All Assemblies, in  5.947 seconds
Refreshing native plugins compatible for Editor in 4.15 ms, found 3 plugins.
Native extension for WindowsStandalone target not found
Native extension for Android target not found
Native extension for WebGL target not found
Mono: successfully reloaded assembly
- Finished resetting the current domain, in  0.587 seconds
Domain Reload Profiling:
	ReloadAssembly (221ms)
		BeginReloadAssembly (131ms)
			ExecutionOrderSort (0ms)
			DisableScriptedObjects (5ms)
			BackupInstance (0ms)
			ReleaseScriptingObjects (0ms)
			CreateAndSetChildDomain (23ms)
		LoadAllAssembliesAndSetupDomain (5718ms)
			LoadAssemblies (5157ms)
			RebuildTransferFunctionScriptingTraits (0ms)
			SetupTypeCache (624ms)
				TypeCache.Initialize (600ms)
					TypeCache.ScanAssembly (594ms)
				ResolveRequiredComponents (6ms)
		FinalizeReload (0ms)
			ReleaseScriptCaches (0ms)
			RebuildScriptCaches (0ms)
			SetupLoadedEditorAssemblies (441ms)
				LogAssemblyErrors (0ms)
				InitializePlatformSupportModulesInManaged (27ms)
				SetLoadedEditorAssemblies (3ms)
				RefreshPlugins (0ms)
				BeforeProcessingInitializeOnLoad (59ms)
				ProcessInitializeOnLoadAttributes (325ms)
				ProcessInitializeOnLoadMethodAttributes (18ms)
				AfterProcessingInitializeOnLoad (9ms)
				EditorAssembliesLoaded (0ms)
			ExecutionOrderSort2 (0ms)
			AwakeInstancesAfterBackupRestoration (6ms)
Launched and connected shader compiler UnityShaderCompiler.exe after 0.06 seconds
Refreshing native plugins compatible for Editor in 2.71 ms, found 3 plugins.
Preloading 0 native plugins for Editor in 0.00 ms.
Unloading 3351 Unused Serialized files (Serialized files now loaded: 0)
Unloading 49 unused Assets / (317.0 KB). Loaded Objects now: 3850.
Memory consumption went from 203.9 MB to 203.6 MB.
Total: 3.687400 ms (FindLiveObjects: 0.403500 ms CreateObjectMapping: 0.157900 ms MarkObjects: 2.911100 ms  DeleteObjects: 0.212300 ms)

AssetImportParameters requested are different than current active one (requested -> active):
  custom:container-demuxer-ogg: 62fdf1f143b41e24485cea50d1cbac27 -> 
  custom:video-decoder-ogg-theora: a1e56fd34408186e4bbccfd4996cb3dc -> 
  custom:framework-win-MediaFoundation: 216162199b28c13a410421893ffa2e32 -> 
  custom:container-demuxer-webm: 4f35f7cbe854078d1ac9338744f61a02 -> 
  custom:container-muxer-webm: aa71ff27fc2769a1b78a27578f13a17b -> 
  custom:video-decoder-webm-vp8: 9c59270c3fd7afecdb556c50c9e8de78 -> 
  custom:AudioImporter_EditorPlatform: d09bf68614088b80899f8185d706f6e7 -> 
  custom:video-encoder-webm-vp8: eb34c28f22e8b96e1ab97ce403110664 -> 
  custom:audio-decoder-ogg-vorbis: bf7c407c2cedff20999df2af8eb42d56 -> 
  custom:audio-encoder-webm-vorbis: bf7c407c2cedff20999df2af8eb42d56 -> 
========================================================================
Received Import Request.
  Time since last request: 522548.858447 seconds.
  path: Assets/WebGLTemplates/GamePush
  artifactKey: Guid(e99a9338ac2bcf745aa3ef2456e8c0c3) Importer(815301076,1909f56bfc062723c751e8b465ee728b)
Start importing Assets/WebGLTemplates/GamePush using Guid(e99a9338ac2bcf745aa3ef2456e8c0c3) Importer(815301076,1909f56bfc062723c751e8b465ee728b)  -> (artifact id: '545315768029e77f74628b0be7985dbe') in 0.003703 seconds
Number of updated asset objects reloaded before import = 0
Number of asset objects unloaded after import = 0
========================================================================
Received Prepare
Begin MonoManager ReloadAssembly
Symbol file LoadedFromMemory doesn't match image C:\Users\veden\Desktop\HospitalGTA\HospitalGTA\Library\PackageCache\com.unity.visualscripting@1.8.0\Editor\VisualScripting.Core\Dependencies\YamlDotNet\Unity.VisualScripting.YamlDotNet.dll
Symbol file LoadedFromMemory doesn't match image C:\Users\veden\Desktop\HospitalGTA\HospitalGTA\Library\PackageCache\com.unity.visualscripting@1.8.0\Editor\VisualScripting.Core\Dependencies\DotNetZip\Unity.VisualScripting.IonicZip.dll
- Loaded All Assemblies, in  0.839 seconds
Refreshing native plugins compatible for Editor in 3.05 ms, found 3 plugins.
Native extension for WindowsStandalone target not found
Native extension for Android target not found
Native extension for WebGL target not found
Mono: successfully reloaded assembly
- Finished resetting the current domain, in  1.300 seconds
Domain Reload Profiling:
	ReloadAssembly (238ms)
		BeginReloadAssembly (156ms)
			ExecutionOrderSort (0ms)
			DisableScriptedObjects (5ms)
			BackupInstance (0ms)
			ReleaseScriptingObjects (0ms)
			CreateAndSetChildDomain (42ms)
		LoadAllAssembliesAndSetupDomain (597ms)
			LoadAssemblies (367ms)
			RebuildTransferFunctionScriptingTraits (0ms)
			SetupTypeCache (297ms)
				TypeCache.Initialize (287ms)
					TypeCache.ScanAssembly (279ms)
				ResolveRequiredComponents (7ms)
		FinalizeReload (0ms)
			ReleaseScriptCaches (0ms)
			RebuildScriptCaches (0ms)
			SetupLoadedEditorAssemblies (332ms)
				LogAssemblyErrors (0ms)
				InitializePlatformSupportModulesInManaged (28ms)
				SetLoadedEditorAssemblies (4ms)
				RefreshPlugins (0ms)
				BeforeProcessingInitializeOnLoad (59ms)
				ProcessInitializeOnLoadAttributes (217ms)
				ProcessInitializeOnLoadMethodAttributes (17ms)
				AfterProcessingInitializeOnLoad (8ms)
				EditorAssembliesLoaded (0ms)
			ExecutionOrderSort2 (0ms)
			AwakeInstancesAfterBackupRestoration (5ms)
Refreshing native plugins compatible for Editor in 3.74 ms, found 3 plugins.
Preloading 0 native plugins for Editor in 0.00 ms.
Unloading 3324 Unused Serialized files (Serialized files now loaded: 0)
Unloading 28 unused Assets / (279.2 KB). Loaded Objects now: 3865.
Memory consumption went from 197.5 MB to 197.2 MB.
Total: 5.477800 ms (FindLiveObjects: 0.472100 ms CreateObjectMapping: 0.204500 ms MarkObjects: 4.501000 ms  DeleteObjects: 0.297800 ms)

Prepare: number of updated asset objects reloaded= 0
AssetImportParameters requested are different than current active one (requested -> active):
  custom:container-demuxer-ogg: 62fdf1f143b41e24485cea50d1cbac27 -> 
  custom:video-decoder-ogg-theora: a1e56fd34408186e4bbccfd4996cb3dc -> 
  custom:framework-win-MediaFoundation: 216162199b28c13a410421893ffa2e32 -> 
  custom:container-demuxer-webm: 4f35f7cbe854078d1ac9338744f61a02 -> 
  custom:container-muxer-webm: aa71ff27fc2769a1b78a27578f13a17b -> 
  custom:video-decoder-webm-vp8: 9c59270c3fd7afecdb556c50c9e8de78 -> 
  custom:AudioImporter_EditorPlatform: d09bf68614088b80899f8185d706f6e7 -> 
  custom:video-encoder-webm-vp8: eb34c28f22e8b96e1ab97ce403110664 -> 
  custom:audio-decoder-ogg-vorbis: bf7c407c2cedff20999df2af8eb42d56 -> 
  custom:audio-encoder-webm-vorbis: bf7c407c2cedff20999df2af8eb42d56 -> 
========================================================================
Received Prepare
Begin MonoManager ReloadAssembly
Symbol file LoadedFromMemory doesn't match image C:\Users\veden\Desktop\HospitalGTA\HospitalGTA\Library\PackageCache\com.unity.visualscripting@1.8.0\Editor\VisualScripting.Core\Dependencies\YamlDotNet\Unity.VisualScripting.YamlDotNet.dll
Symbol file LoadedFromMemory doesn't match image C:\Users\veden\Desktop\HospitalGTA\HospitalGTA\Library\PackageCache\com.unity.visualscripting@1.8.0\Editor\VisualScripting.Core\Dependencies\DotNetZip\Unity.VisualScripting.IonicZip.dll
- Loaded All Assemblies, in  0.820 seconds
Refreshing native plugins compatible for Editor in 2.98 ms, found 3 plugins.
Native extension for WindowsStandalone target not found
Native extension for Android target not found
Native extension for WebGL target not found
Mono: successfully reloaded assembly
- Finished resetting the current domain, in  0.817 seconds
Domain Reload Profiling:
	ReloadAssembly (237ms)
		BeginReloadAssembly (153ms)
			ExecutionOrderSort (0ms)
			DisableScriptedObjects (6ms)
			BackupInstance (0ms)
			ReleaseScriptingObjects (0ms)
			CreateAndSetChildDomain (41ms)
		LoadAllAssembliesAndSetupDomain (579ms)
			LoadAssemblies (353ms)
			RebuildTransferFunctionScriptingTraits (0ms)
			SetupTypeCache (291ms)
				TypeCache.Initialize (284ms)
					TypeCache.ScanAssembly (277ms)
				ResolveRequiredComponents (5ms)
		FinalizeReload (0ms)
			ReleaseScriptCaches (0ms)
			RebuildScriptCaches (0ms)
			SetupLoadedEditorAssemblies (349ms)
				LogAssemblyErrors (0ms)
				InitializePlatformSupportModulesInManaged (27ms)
				SetLoadedEditorAssemblies (4ms)
				RefreshPlugins (0ms)
				BeforeProcessingInitializeOnLoad (65ms)
				ProcessInitializeOnLoadAttributes (227ms)
				ProcessInitializeOnLoadMethodAttributes (18ms)
				AfterProcessingInitializeOnLoad (9ms)
				EditorAssembliesLoaded (0ms)
			ExecutionOrderSort2 (0ms)
			AwakeInstancesAfterBackupRestoration (6ms)
Refreshing native plugins compatible for Editor in 4.06 ms, found 3 plugins.
Preloading 0 native plugins for Editor in 0.00 ms.
Unloading 3325 Unused Serialized files (Serialized files now loaded: 0)
Unloading 28 unused Assets / (318.8 KB). Loaded Objects now: 3880.
Memory consumption went from 197.8 MB to 197.5 MB.
Total: 3.490500 ms (FindLiveObjects: 0.401300 ms CreateObjectMapping: 0.178500 ms MarkObjects: 2.706900 ms  DeleteObjects: 0.202200 ms)

Prepare: number of updated asset objects reloaded= 0
AssetImportParameters requested are different than current active one (requested -> active):
  custom:container-demuxer-ogg: 62fdf1f143b41e24485cea50d1cbac27 -> 
  custom:video-decoder-ogg-theora: a1e56fd34408186e4bbccfd4996cb3dc -> 
  custom:framework-win-MediaFoundation: 216162199b28c13a410421893ffa2e32 -> 
  custom:container-demuxer-webm: 4f35f7cbe854078d1ac9338744f61a02 -> 
  custom:container-muxer-webm: aa71ff27fc2769a1b78a27578f13a17b -> 
  custom:video-decoder-webm-vp8: 9c59270c3fd7afecdb556c50c9e8de78 -> 
  custom:AudioImporter_EditorPlatform: d09bf68614088b80899f8185d706f6e7 -> 
  custom:video-encoder-webm-vp8: eb34c28f22e8b96e1ab97ce403110664 -> 
  custom:audio-decoder-ogg-vorbis: bf7c407c2cedff20999df2af8eb42d56 -> 
  custom:audio-encoder-webm-vorbis: bf7c407c2cedff20999df2af8eb42d56 -> 
========================================================================
Received Prepare
Begin MonoManager ReloadAssembly
Symbol file LoadedFromMemory doesn't match image C:\Users\veden\Desktop\HospitalGTA\HospitalGTA\Library\PackageCache\com.unity.visualscripting@1.8.0\Editor\VisualScripting.Core\Dependencies\YamlDotNet\Unity.VisualScripting.YamlDotNet.dll
Symbol file LoadedFromMemory doesn't match image C:\Users\veden\Desktop\HospitalGTA\HospitalGTA\Library\PackageCache\com.unity.visualscripting@1.8.0\Editor\VisualScripting.Core\Dependencies\DotNetZip\Unity.VisualScripting.IonicZip.dll
- Loaded All Assemblies, in  0.789 seconds
Refreshing native plugins compatible for Editor in 3.31 ms, found 3 plugins.
Native extension for WindowsStandalone target not found
Native extension for Android target not found
Native extension for WebGL target not found
Mono: successfully reloaded assembly
- Finished resetting the current domain, in  0.817 seconds
Domain Reload Profiling:
	ReloadAssembly (240ms)
		BeginReloadAssembly (156ms)
			ExecutionOrderSort (0ms)
			DisableScriptedObjects (5ms)
			BackupInstance (0ms)
			ReleaseScriptingObjects (0ms)
			CreateAndSetChildDomain (41ms)
		LoadAllAssembliesAndSetupDomain (546ms)
			LoadAssemblies (346ms)
			RebuildTransferFunctionScriptingTraits (0ms)
			SetupTypeCache (270ms)
				TypeCache.Initialize (263ms)
					TypeCache.ScanAssembly (257ms)
				ResolveRequiredComponents (5ms)
		FinalizeReload (0ms)
			ReleaseScriptCaches (0ms)
			RebuildScriptCaches (0ms)
			SetupLoadedEditorAssemblies (340ms)
				LogAssemblyErrors (0ms)
				InitializePlatformSupportModulesInManaged (24ms)
				SetLoadedEditorAssemblies (4ms)
				RefreshPlugins (0ms)
				BeforeProcessingInitializeOnLoad (61ms)
				ProcessInitializeOnLoadAttributes (224ms)
				ProcessInitializeOnLoadMethodAttributes (18ms)
				AfterProcessingInitializeOnLoad (8ms)
				EditorAssembliesLoaded (0ms)
			ExecutionOrderSort2 (0ms)
			AwakeInstancesAfterBackupRestoration (5ms)
Refreshing native plugins compatible for Editor in 3.65 ms, found 3 plugins.
Preloading 0 native plugins for Editor in 0.00 ms.
Unloading 3325 Unused Serialized files (Serialized files now loaded: 0)
Unloading 28 unused Assets / (318.9 KB). Loaded Objects now: 3895.
Memory consumption went from 197.8 MB to 197.5 MB.
Total: 3.580000 ms (FindLiveObjects: 0.329700 ms CreateObjectMapping: 0.149800 ms MarkObjects: 2.891900 ms  DeleteObjects: 0.207000 ms)

Prepare: number of updated asset objects reloaded= 0
AssetImportParameters requested are different than current active one (requested -> active):
  custom:container-demuxer-ogg: 62fdf1f143b41e24485cea50d1cbac27 -> 
  custom:video-decoder-ogg-theora: a1e56fd34408186e4bbccfd4996cb3dc -> 
  custom:framework-win-MediaFoundation: 216162199b28c13a410421893ffa2e32 -> 
  custom:container-demuxer-webm: 4f35f7cbe854078d1ac9338744f61a02 -> 
  custom:container-muxer-webm: aa71ff27fc2769a1b78a27578f13a17b -> 
  custom:video-decoder-webm-vp8: 9c59270c3fd7afecdb556c50c9e8de78 -> 
  custom:AudioImporter_EditorPlatform: d09bf68614088b80899f8185d706f6e7 -> 
  custom:video-encoder-webm-vp8: eb34c28f22e8b96e1ab97ce403110664 -> 
  custom:audio-decoder-ogg-vorbis: bf7c407c2cedff20999df2af8eb42d56 -> 
  custom:audio-encoder-webm-vorbis: bf7c407c2cedff20999df2af8eb42d56 -> 
========================================================================
Received Prepare
Begin MonoManager ReloadAssembly
Symbol file LoadedFromMemory doesn't match image C:\Users\veden\Desktop\HospitalGTA\HospitalGTA\Library\PackageCache\com.unity.visualscripting@1.8.0\Editor\VisualScripting.Core\Dependencies\YamlDotNet\Unity.VisualScripting.YamlDotNet.dll
Symbol file LoadedFromMemory doesn't match image C:\Users\veden\Desktop\HospitalGTA\HospitalGTA\Library\PackageCache\com.unity.visualscripting@1.8.0\Editor\VisualScripting.Core\Dependencies\DotNetZip\Unity.VisualScripting.IonicZip.dll
- Loaded All Assemblies, in  0.805 seconds
Refreshing native plugins compatible for Editor in 3.50 ms, found 3 plugins.
Native extension for WindowsStandalone target not found
Native extension for Android target not found
Native extension for WebGL target not found
Mono: successfully reloaded assembly
- Finished resetting the current domain, in  0.820 seconds
Domain Reload Profiling:
	ReloadAssembly (262ms)
		BeginReloadAssembly (174ms)
			ExecutionOrderSort (0ms)
			DisableScriptedObjects (6ms)
			BackupInstance (0ms)
			ReleaseScriptingObjects (0ms)
			CreateAndSetChildDomain (42ms)
		LoadAllAssembliesAndSetupDomain (538ms)
			LoadAssemblies (326ms)
			RebuildTransferFunctionScriptingTraits (0ms)
			SetupTypeCache (293ms)
				TypeCache.Initialize (286ms)
					TypeCache.ScanAssembly (279ms)
				ResolveRequiredComponents (5ms)
		FinalizeReload (0ms)
			ReleaseScriptCaches (0ms)
			RebuildScriptCaches (0ms)
			SetupLoadedEditorAssemblies (347ms)
				LogAssemblyErrors (0ms)
				InitializePlatformSupportModulesInManaged (29ms)
				SetLoadedEditorAssemblies (4ms)
				RefreshPlugins (0ms)
				BeforeProcessingInitializeOnLoad (66ms)
				ProcessInitializeOnLoadAttributes (220ms)
				ProcessInitializeOnLoadMethodAttributes (19ms)
				AfterProcessingInitializeOnLoad (9ms)
				EditorAssembliesLoaded (0ms)
			ExecutionOrderSort2 (0ms)
			AwakeInstancesAfterBackupRestoration (6ms)
Refreshing native plugins compatible for Editor in 2.69 ms, found 3 plugins.
Preloading 0 native plugins for Editor in 0.00 ms.
Unloading 3325 Unused Serialized files (Serialized files now loaded: 0)
Unloading 28 unused Assets / (286.8 KB). Loaded Objects now: 3910.
Memory consumption went from 197.8 MB to 197.5 MB.
Total: 4.010600 ms (FindLiveObjects: 0.502900 ms CreateObjectMapping: 0.248700 ms MarkObjects: 3.057700 ms  DeleteObjects: 0.199300 ms)

Prepare: number of updated asset objects reloaded= 0
AssetImportParameters requested are different than current active one (requested -> active):
  custom:container-demuxer-ogg: 62fdf1f143b41e24485cea50d1cbac27 -> 
  custom:video-decoder-ogg-theora: a1e56fd34408186e4bbccfd4996cb3dc -> 
  custom:framework-win-MediaFoundation: 216162199b28c13a410421893ffa2e32 -> 
  custom:container-demuxer-webm: 4f35f7cbe854078d1ac9338744f61a02 -> 
  custom:container-muxer-webm: aa71ff27fc2769a1b78a27578f13a17b -> 
  custom:video-decoder-webm-vp8: 9c59270c3fd7afecdb556c50c9e8de78 -> 
  custom:AudioImporter_EditorPlatform: d09bf68614088b80899f8185d706f6e7 -> 
  custom:video-encoder-webm-vp8: eb34c28f22e8b96e1ab97ce403110664 -> 
  custom:audio-decoder-ogg-vorbis: bf7c407c2cedff20999df2af8eb42d56 -> 
  custom:audio-encoder-webm-vorbis: bf7c407c2cedff20999df2af8eb42d56 -> 
========================================================================
Received Prepare
Begin MonoManager ReloadAssembly
Symbol file LoadedFromMemory doesn't match image C:\Users\veden\Desktop\HospitalGTA\HospitalGTA\Library\PackageCache\com.unity.visualscripting@1.8.0\Editor\VisualScripting.Core\Dependencies\YamlDotNet\Unity.VisualScripting.YamlDotNet.dll
Symbol file LoadedFromMemory doesn't match image C:\Users\veden\Desktop\HospitalGTA\HospitalGTA\Library\PackageCache\com.unity.visualscripting@1.8.0\Editor\VisualScripting.Core\Dependencies\DotNetZip\Unity.VisualScripting.IonicZip.dll
- Loaded All Assemblies, in  0.824 seconds
Refreshing native plugins compatible for Editor in 3.00 ms, found 3 plugins.
Native extension for WindowsStandalone target not found
Native extension for Android target not found
Native extension for WebGL target not found
Mono: successfully reloaded assembly
- Finished resetting the current domain, in  1.378 seconds
Domain Reload Profiling:
	ReloadAssembly (233ms)
		BeginReloadAssembly (154ms)
			ExecutionOrderSort (0ms)
			DisableScriptedObjects (8ms)
			BackupInstance (0ms)
			ReleaseScriptingObjects (0ms)
			CreateAndSetChildDomain (40ms)
		LoadAllAssembliesAndSetupDomain (589ms)
			LoadAssemblies (366ms)
			RebuildTransferFunctionScriptingTraits (0ms)
			SetupTypeCache (289ms)
				TypeCache.Initialize (281ms)
					TypeCache.ScanAssembly (272ms)
				ResolveRequiredComponents (5ms)
		FinalizeReload (0ms)
			ReleaseScriptCaches (0ms)
			RebuildScriptCaches (0ms)
			SetupLoadedEditorAssemblies (375ms)
				LogAssemblyErrors (0ms)
				InitializePlatformSupportModulesInManaged (28ms)
				SetLoadedEditorAssemblies (4ms)
				RefreshPlugins (0ms)
				BeforeProcessingInitializeOnLoad (67ms)
				ProcessInitializeOnLoadAttributes (246ms)
				ProcessInitializeOnLoadMethodAttributes (18ms)
				AfterProcessingInitializeOnLoad (11ms)
				EditorAssembliesLoaded (0ms)
			ExecutionOrderSort2 (0ms)
			AwakeInstancesAfterBackupRestoration (8ms)
Refreshing native plugins compatible for Editor in 4.47 ms, found 3 plugins.
Preloading 0 native plugins for Editor in 0.00 ms.
Unloading 3325 Unused Serialized files (Serialized files now loaded: 0)
Unloading 28 unused Assets / (286.7 KB). Loaded Objects now: 3925.
Memory consumption went from 197.8 MB to 197.5 MB.
Total: 3.933500 ms (FindLiveObjects: 0.471200 ms CreateObjectMapping: 0.205200 ms MarkObjects: 2.601000 ms  DeleteObjects: 0.654100 ms)

Prepare: number of updated asset objects reloaded= 0
AssetImportParameters requested are different than current active one (requested -> active):
  custom:container-demuxer-ogg: 62fdf1f143b41e24485cea50d1cbac27 -> 
  custom:video-decoder-ogg-theora: a1e56fd34408186e4bbccfd4996cb3dc -> 
  custom:framework-win-MediaFoundation: 216162199b28c13a410421893ffa2e32 -> 
  custom:container-demuxer-webm: 4f35f7cbe854078d1ac9338744f61a02 -> 
  custom:container-muxer-webm: aa71ff27fc2769a1b78a27578f13a17b -> 
  custom:video-decoder-webm-vp8: 9c59270c3fd7afecdb556c50c9e8de78 -> 
  custom:AudioImporter_EditorPlatform: d09bf68614088b80899f8185d706f6e7 -> 
  custom:video-encoder-webm-vp8: eb34c28f22e8b96e1ab97ce403110664 -> 
  custom:audio-decoder-ogg-vorbis: bf7c407c2cedff20999df2af8eb42d56 -> 
  custom:audio-encoder-webm-vorbis: bf7c407c2cedff20999df2af8eb42d56 -> 
========================================================================
Received Prepare
Begin MonoManager ReloadAssembly
Symbol file LoadedFromMemory doesn't match image C:\Users\veden\Desktop\HospitalGTA\HospitalGTA\Library\PackageCache\com.unity.visualscripting@1.8.0\Editor\VisualScripting.Core\Dependencies\YamlDotNet\Unity.VisualScripting.YamlDotNet.dll
Symbol file LoadedFromMemory doesn't match image C:\Users\veden\Desktop\HospitalGTA\HospitalGTA\Library\PackageCache\com.unity.visualscripting@1.8.0\Editor\VisualScripting.Core\Dependencies\DotNetZip\Unity.VisualScripting.IonicZip.dll
- Loaded All Assemblies, in  0.779 seconds
Refreshing native plugins compatible for Editor in 2.61 ms, found 3 plugins.
Native extension for WindowsStandalone target not found
Native extension for Android target not found
Native extension for WebGL target not found
Mono: successfully reloaded assembly
- Finished resetting the current domain, in  0.802 seconds
Domain Reload Profiling:
	ReloadAssembly (237ms)
		BeginReloadAssembly (159ms)
			ExecutionOrderSort (0ms)
			DisableScriptedObjects (6ms)
			BackupInstance (0ms)
			ReleaseScriptingObjects (0ms)
			CreateAndSetChildDomain (41ms)
		LoadAllAssembliesAndSetupDomain (539ms)
			LoadAssemblies (342ms)
			RebuildTransferFunctionScriptingTraits (0ms)
			SetupTypeCache (270ms)
				TypeCache.Initialize (263ms)
					TypeCache.ScanAssembly (256ms)
				ResolveRequiredComponents (4ms)
		FinalizeReload (0ms)
			ReleaseScriptCaches (0ms)
			RebuildScriptCaches (0ms)
			SetupLoadedEditorAssemblies (344ms)
				LogAssemblyErrors (0ms)
				InitializePlatformSupportModulesInManaged (24ms)
				SetLoadedEditorAssemblies (4ms)
				RefreshPlugins (0ms)
				BeforeProcessingInitializeOnLoad (65ms)
				ProcessInitializeOnLoadAttributes (227ms)
				ProcessInitializeOnLoadMethodAttributes (16ms)
				AfterProcessingInitializeOnLoad (8ms)
				EditorAssembliesLoaded (0ms)
			ExecutionOrderSort2 (0ms)
			AwakeInstancesAfterBackupRestoration (6ms)
Refreshing native plugins compatible for Editor in 2.80 ms, found 3 plugins.
Preloading 0 native plugins for Editor in 0.00 ms.
Unloading 3325 Unused Serialized files (Serialized files now loaded: 0)
Unloading 28 unused Assets / (286.8 KB). Loaded Objects now: 3940.
Memory consumption went from 197.8 MB to 197.5 MB.
Total: 4.090700 ms (FindLiveObjects: 0.474800 ms CreateObjectMapping: 0.137400 ms MarkObjects: 3.178900 ms  DeleteObjects: 0.297200 ms)

Prepare: number of updated asset objects reloaded= 0
AssetImportParameters requested are different than current active one (requested -> active):
  custom:container-demuxer-ogg: 62fdf1f143b41e24485cea50d1cbac27 -> 
  custom:video-decoder-ogg-theora: a1e56fd34408186e4bbccfd4996cb3dc -> 
  custom:framework-win-MediaFoundation: 216162199b28c13a410421893ffa2e32 -> 
  custom:container-demuxer-webm: 4f35f7cbe854078d1ac9338744f61a02 -> 
  custom:container-muxer-webm: aa71ff27fc2769a1b78a27578f13a17b -> 
  custom:video-decoder-webm-vp8: 9c59270c3fd7afecdb556c50c9e8de78 -> 
  custom:AudioImporter_EditorPlatform: d09bf68614088b80899f8185d706f6e7 -> 
  custom:video-encoder-webm-vp8: eb34c28f22e8b96e1ab97ce403110664 -> 
  custom:audio-decoder-ogg-vorbis: bf7c407c2cedff20999df2af8eb42d56 -> 
  custom:audio-encoder-webm-vorbis: bf7c407c2cedff20999df2af8eb42d56 -> 
========================================================================
Received Prepare
Begin MonoManager ReloadAssembly
Symbol file LoadedFromMemory doesn't match image C:\Users\veden\Desktop\HospitalGTA\HospitalGTA\Library\PackageCache\com.unity.visualscripting@1.8.0\Editor\VisualScripting.Core\Dependencies\YamlDotNet\Unity.VisualScripting.YamlDotNet.dll
Symbol file LoadedFromMemory doesn't match image C:\Users\veden\Desktop\HospitalGTA\HospitalGTA\Library\PackageCache\com.unity.visualscripting@1.8.0\Editor\VisualScripting.Core\Dependencies\DotNetZip\Unity.VisualScripting.IonicZip.dll
- Loaded All Assemblies, in  0.837 seconds
Refreshing native plugins compatible for Editor in 2.87 ms, found 3 plugins.
Native extension for WindowsStandalone target not found
Native extension for Android target not found
Native extension for WebGL target not found
Mono: successfully reloaded assembly
- Finished resetting the current domain, in  0.824 seconds
Domain Reload Profiling:
	ReloadAssembly (229ms)
		BeginReloadAssembly (146ms)
			ExecutionOrderSort (0ms)
			DisableScriptedObjects (5ms)
			BackupInstance (0ms)
			ReleaseScriptingObjects (0ms)
			CreateAndSetChildDomain (38ms)
		LoadAllAssembliesAndSetupDomain (605ms)
			LoadAssemblies (348ms)
			RebuildTransferFunctionScriptingTraits (0ms)
			SetupTypeCache (323ms)
				TypeCache.Initialize (316ms)
					TypeCache.ScanAssembly (309ms)
				ResolveRequiredComponents (5ms)
		FinalizeReload (0ms)
			ReleaseScriptCaches (0ms)
			RebuildScriptCaches (0ms)
			SetupLoadedEditorAssemblies (362ms)
				LogAssemblyErrors (0ms)
				InitializePlatformSupportModulesInManaged (22ms)
				SetLoadedEditorAssemblies (4ms)
				RefreshPlugins (0ms)
				BeforeProcessingInitializeOnLoad (63ms)
				ProcessInitializeOnLoadAttributes (247ms)
				ProcessInitializeOnLoadMethodAttributes (16ms)
				AfterProcessingInitializeOnLoad (8ms)
				EditorAssembliesLoaded (0ms)
			ExecutionOrderSort2 (0ms)
			AwakeInstancesAfterBackupRestoration (5ms)
Refreshing native plugins compatible for Editor in 3.34 ms, found 3 plugins.
Preloading 0 native plugins for Editor in 0.00 ms.
Unloading 3325 Unused Serialized files (Serialized files now loaded: 0)
Unloading 28 unused Assets / (286.7 KB). Loaded Objects now: 3955.
Memory consumption went from 197.8 MB to 197.5 MB.
Total: 3.813200 ms (FindLiveObjects: 0.464100 ms CreateObjectMapping: 0.305000 ms MarkObjects: 2.816500 ms  DeleteObjects: 0.225400 ms)

Prepare: number of updated asset objects reloaded= 0
AssetImportParameters requested are different than current active one (requested -> active):
  custom:container-demuxer-ogg: 62fdf1f143b41e24485cea50d1cbac27 -> 
  custom:video-decoder-ogg-theora: a1e56fd34408186e4bbccfd4996cb3dc -> 
  custom:framework-win-MediaFoundation: 216162199b28c13a410421893ffa2e32 -> 
  custom:container-demuxer-webm: 4f35f7cbe854078d1ac9338744f61a02 -> 
  custom:container-muxer-webm: aa71ff27fc2769a1b78a27578f13a17b -> 
  custom:video-decoder-webm-vp8: 9c59270c3fd7afecdb556c50c9e8de78 -> 
  custom:AudioImporter_EditorPlatform: d09bf68614088b80899f8185d706f6e7 -> 
  custom:video-encoder-webm-vp8: eb34c28f22e8b96e1ab97ce403110664 -> 
  custom:audio-decoder-ogg-vorbis: bf7c407c2cedff20999df2af8eb42d56 -> 
  custom:audio-encoder-webm-vorbis: bf7c407c2cedff20999df2af8eb42d56 -> 
========================================================================
Received Prepare
Begin MonoManager ReloadAssembly
Symbol file LoadedFromMemory doesn't match image C:\Users\veden\Desktop\HospitalGTA\HospitalGTA\Library\PackageCache\com.unity.visualscripting@1.8.0\Editor\VisualScripting.Core\Dependencies\YamlDotNet\Unity.VisualScripting.YamlDotNet.dll
Symbol file LoadedFromMemory doesn't match image C:\Users\veden\Desktop\HospitalGTA\HospitalGTA\Library\PackageCache\com.unity.visualscripting@1.8.0\Editor\VisualScripting.Core\Dependencies\DotNetZip\Unity.VisualScripting.IonicZip.dll
- Loaded All Assemblies, in  0.775 seconds
Refreshing native plugins compatible for Editor in 2.68 ms, found 3 plugins.
Native extension for WindowsStandalone target not found
Native extension for Android target not found
Native extension for WebGL target not found
Mono: successfully reloaded assembly
- Finished resetting the current domain, in  1.540 seconds
Domain Reload Profiling:
	ReloadAssembly (241ms)
		BeginReloadAssembly (147ms)
			ExecutionOrderSort (0ms)
			DisableScriptedObjects (5ms)
			BackupInstance (0ms)
			ReleaseScriptingObjects (0ms)
			CreateAndSetChildDomain (35ms)
		LoadAllAssembliesAndSetupDomain (530ms)
			LoadAssemblies (335ms)
			RebuildTransferFunctionScriptingTraits (0ms)
			SetupTypeCache (263ms)
				TypeCache.Initialize (258ms)
					TypeCache.ScanAssembly (252ms)
				ResolveRequiredComponents (5ms)
		FinalizeReload (0ms)
			ReleaseScriptCaches (0ms)
			RebuildScriptCaches (0ms)
			SetupLoadedEditorAssemblies (372ms)
				LogAssemblyErrors (0ms)
				InitializePlatformSupportModulesInManaged (27ms)
				SetLoadedEditorAssemblies (4ms)
				RefreshPlugins (0ms)
				BeforeProcessingInitializeOnLoad (68ms)
				ProcessInitializeOnLoadAttributes (244ms)
				ProcessInitializeOnLoadMethodAttributes (18ms)
				AfterProcessingInitializeOnLoad (10ms)
				EditorAssembliesLoaded (0ms)
			ExecutionOrderSort2 (0ms)
			AwakeInstancesAfterBackupRestoration (6ms)
Refreshing native plugins compatible for Editor in 3.98 ms, found 3 plugins.
Preloading 0 native plugins for Editor in 0.00 ms.
Unloading 3325 Unused Serialized files (Serialized files now loaded: 0)
Unloading 28 unused Assets / (286.6 KB). Loaded Objects now: 3970.
Memory consumption went from 197.8 MB to 197.6 MB.
Total: 5.001700 ms (FindLiveObjects: 0.405900 ms CreateObjectMapping: 0.196600 ms MarkObjects: 4.004300 ms  DeleteObjects: 0.393300 ms)

Prepare: number of updated asset objects reloaded= 0
AssetImportParameters requested are different than current active one (requested -> active):
  custom:container-demuxer-ogg: 62fdf1f143b41e24485cea50d1cbac27 -> 
  custom:video-decoder-ogg-theora: a1e56fd34408186e4bbccfd4996cb3dc -> 
  custom:framework-win-MediaFoundation: 216162199b28c13a410421893ffa2e32 -> 
  custom:container-demuxer-webm: 4f35f7cbe854078d1ac9338744f61a02 -> 
  custom:container-muxer-webm: aa71ff27fc2769a1b78a27578f13a17b -> 
  custom:video-decoder-webm-vp8: 9c59270c3fd7afecdb556c50c9e8de78 -> 
  custom:AudioImporter_EditorPlatform: d09bf68614088b80899f8185d706f6e7 -> 
  custom:video-encoder-webm-vp8: eb34c28f22e8b96e1ab97ce403110664 -> 
  custom:audio-decoder-ogg-vorbis: bf7c407c2cedff20999df2af8eb42d56 -> 
  custom:audio-encoder-webm-vorbis: bf7c407c2cedff20999df2af8eb42d56 -> 
========================================================================
Received Import Request.
  Time since last request: 1316.691503 seconds.
  path: Assets/Scenes/Game.unity
  artifactKey: Guid(9fc0d4010bbf28b4594072e72b8655ab) Importer(815301076,1909f56bfc062723c751e8b465ee728b)
Start importing Assets/Scenes/Game.unity using Guid(9fc0d4010bbf28b4594072e72b8655ab) Importer(815301076,1909f56bfc062723c751e8b465ee728b)  -> (artifact id: '3ddc79ace30f8422706295d4fda22404') in 0.004711 seconds
Number of updated asset objects reloaded before import = 0
Number of asset objects unloaded after import = 0
========================================================================
Received Import Request.
  Time since last request: 92.326423 seconds.
  path: Assets/Materials/New Material 3.mat
  artifactKey: Guid(c4a1ab5bb34f17c4c871056602c08a1e) Importer(815301076,1909f56bfc062723c751e8b465ee728b)
Start importing Assets/Materials/New Material 3.mat using Guid(c4a1ab5bb34f17c4c871056602c08a1e) Importer(815301076,1909f56bfc062723c751e8b465ee728b)  -> (artifact id: '015a861d1d564eae890eba0d390b18cd') in 0.170896 seconds
Number of updated asset objects reloaded before import = 0
Number of asset objects unloaded after import = 1
========================================================================
Received Import Request.
  Time since last request: 220.054176 seconds.
  path: Assets/Materials/New Material 3.mat
  artifactKey: Guid(c4a1ab5bb34f17c4c871056602c08a1e) Importer(815301076,1909f56bfc062723c751e8b465ee728b)
Start importing Assets/Materials/New Material 3.mat using Guid(c4a1ab5bb34f17c4c871056602c08a1e) Importer(815301076,1909f56bfc062723c751e8b465ee728b)  -> (artifact id: 'f6b7d5c847265938c96195faf6e8f552') in 0.020129 seconds
Number of updated asset objects reloaded before import = 0
Number of asset objects unloaded after import = 1
========================================================================
Received Import Request.
  Time since last request: 210.646632 seconds.
  path: Assets/Scenes/Menu.unity
  artifactKey: Guid(2ba946c34f17c5e469b42ad53318309d) Importer(815301076,1909f56bfc062723c751e8b465ee728b)
Start importing Assets/Scenes/Menu.unity using Guid(2ba946c34f17c5e469b42ad53318309d) Importer(815301076,1909f56bfc062723c751e8b465ee728b)  -> (artifact id: '3d4df30c4eb23e1d935114ff1c1c4d02') in 0.001128 seconds
Number of updated asset objects reloaded before import = 0
Number of asset objects unloaded after import = 0
========================================================================
Received Prepare
Begin MonoManager ReloadAssembly
Symbol file LoadedFromMemory doesn't match image C:\Users\veden\Desktop\HospitalGTA\HospitalGTA\Library\PackageCache\com.unity.visualscripting@1.8.0\Editor\VisualScripting.Core\Dependencies\YamlDotNet\Unity.VisualScripting.YamlDotNet.dll
Symbol file LoadedFromMemory doesn't match image C:\Users\veden\Desktop\HospitalGTA\HospitalGTA\Library\PackageCache\com.unity.visualscripting@1.8.0\Editor\VisualScripting.Core\Dependencies\DotNetZip\Unity.VisualScripting.IonicZip.dll
- Loaded All Assemblies, in  0.770 seconds
Refreshing native plugins compatible for Editor in 3.61 ms, found 3 plugins.
Native extension for WindowsStandalone target not found
Native extension for Android target not found
Native extension for WebGL target not found
Mono: successfully reloaded assembly
- Finished resetting the current domain, in  0.823 seconds
Domain Reload Profiling:
	ReloadAssembly (234ms)
		BeginReloadAssembly (153ms)
			ExecutionOrderSort (0ms)
			DisableScriptedObjects (4ms)
			BackupInstance (0ms)
			ReleaseScriptingObjects (0ms)
			CreateAndSetChildDomain (42ms)
		LoadAllAssembliesAndSetupDomain (534ms)
			LoadAssemblies (321ms)
			RebuildTransferFunctionScriptingTraits (0ms)
			SetupTypeCache (281ms)
				TypeCache.Initialize (275ms)
					TypeCache.ScanAssembly (269ms)
				ResolveRequiredComponents (5ms)
		FinalizeReload (0ms)
			ReleaseScriptCaches (0ms)
			RebuildScriptCaches (0ms)
			SetupLoadedEditorAssemblies (358ms)
				LogAssemblyErrors (0ms)
				InitializePlatformSupportModulesInManaged (29ms)
				SetLoadedEditorAssemblies (3ms)
				RefreshPlugins (0ms)
				BeforeProcessingInitializeOnLoad (68ms)
				ProcessInitializeOnLoadAttributes (232ms)
				ProcessInitializeOnLoadMethodAttributes (17ms)
				AfterProcessingInitializeOnLoad (9ms)
				EditorAssembliesLoaded (0ms)
			ExecutionOrderSort2 (0ms)
			AwakeInstancesAfterBackupRestoration (7ms)
Refreshing native plugins compatible for Editor in 3.38 ms, found 3 plugins.
Preloading 0 native plugins for Editor in 0.00 ms.
Unloading 3324 Unused Serialized files (Serialized files now loaded: 0)
Unloading 28 unused Assets / (279.3 KB). Loaded Objects now: 4026.
Memory consumption went from 202.4 MB to 202.1 MB.
Total: 4.463700 ms (FindLiveObjects: 0.533900 ms CreateObjectMapping: 0.131500 ms MarkObjects: 3.555900 ms  DeleteObjects: 0.240900 ms)

Prepare: number of updated asset objects reloaded= 0
AssetImportParameters requested are different than current active one (requested -> active):
  custom:container-demuxer-ogg: 62fdf1f143b41e24485cea50d1cbac27 -> 
  custom:video-decoder-ogg-theora: a1e56fd34408186e4bbccfd4996cb3dc -> 
  custom:framework-win-MediaFoundation: 216162199b28c13a410421893ffa2e32 -> 
  custom:container-demuxer-webm: 4f35f7cbe854078d1ac9338744f61a02 -> 
  custom:container-muxer-webm: aa71ff27fc2769a1b78a27578f13a17b -> 
  custom:video-decoder-webm-vp8: 9c59270c3fd7afecdb556c50c9e8de78 -> 
  custom:AudioImporter_EditorPlatform: d09bf68614088b80899f8185d706f6e7 -> 
  custom:video-encoder-webm-vp8: eb34c28f22e8b96e1ab97ce403110664 -> 
  custom:audio-decoder-ogg-vorbis: bf7c407c2cedff20999df2af8eb42d56 -> 
  custom:audio-encoder-webm-vorbis: bf7c407c2cedff20999df2af8eb42d56 -> 
========================================================================
Received Import Request.
  Time since last request: 82.206551 seconds.
  path: Assets/Models/Simple Garage/Models/Locker.fbx
  artifactKey: Guid(1d5d7e0445e52774e839fe045a67c136) Importer(815301076,1909f56bfc062723c751e8b465ee728b)
Start importing Assets/Models/Simple Garage/Models/Locker.fbx using Guid(1d5d7e0445e52774e839fe045a67c136) Importer(815301076,1909f56bfc062723c751e8b465ee728b)  -> (artifact id: '33d22afe1b92f7ebf8cb52d31016d060') in 0.176629 seconds
Number of updated asset objects reloaded before import = 0
Number of asset objects unloaded after import = 11
========================================================================
Received Import Request.
  Time since last request: 0.000034 seconds.
  path: Assets/RCK 2.3/GUIs/Other/Materials/nitro.mat
  artifactKey: Guid(19bb6f056a3b4a44bac21c7a4339c467) Importer(815301076,1909f56bfc062723c751e8b465ee728b)
Start importing Assets/RCK 2.3/GUIs/Other/Materials/nitro.mat using Guid(19bb6f056a3b4a44bac21c7a4339c467) Importer(815301076,1909f56bfc062723c751e8b465ee728b)  -> (artifact id: '988dd2fb751e911c81c8a03f3999faca') in 0.016298 seconds
Number of updated asset objects reloaded before import = 0
Number of asset objects unloaded after import = 2
========================================================================
Received Import Request.
  Time since last request: 0.000031 seconds.
  path: Assets/PolygonParticleFX/PolygonParticles/Materials/Materials/pCube1Mat.mat
  artifactKey: Guid(c10ecf56d4f542345b6e1bda1b2cdaff) Importer(815301076,1909f56bfc062723c751e8b465ee728b)
Start importing Assets/PolygonParticleFX/PolygonParticles/Materials/Materials/pCube1Mat.mat using Guid(c10ecf56d4f542345b6e1bda1b2cdaff) Importer(815301076,1909f56bfc062723c751e8b465ee728b)  -> (artifact id: 'f63742da3528dd00b3f8938afdd1871e') in 0.014573 seconds
Number of updated asset objects reloaded before import = 0
Number of asset objects unloaded after import = 1
========================================================================
Received Import Request.
  Time since last request: 0.000036 seconds.
  path: Assets/Models/Simple Garage/Materials/Metal (bolts).mat
  artifactKey: Guid(d7d966cb193125649b12f85d35cf4015) Importer(815301076,1909f56bfc062723c751e8b465ee728b)
Start importing Assets/Models/Simple Garage/Materials/Metal (bolts).mat using Guid(d7d966cb193125649b12f85d35cf4015) Importer(815301076,1909f56bfc062723c751e8b465ee728b)  -> (artifact id: '62017a155e6901034a0bc7c04f4a0335') in 0.014612 seconds
Number of updated asset objects reloaded before import = 0
Number of asset objects unloaded after import = 1
========================================================================
Received Import Request.
  Time since last request: 0.000029 seconds.
  path: Assets/PolygonParticleFX/PolygonParticles/Models/Materials/PolygonApocalypse_Texture_01_Cleaned.mat
  artifactKey: Guid(aa6e0bf6964ff3d4e8156d0f39f8bf23) Importer(815301076,1909f56bfc062723c751e8b465ee728b)
Start importing Assets/PolygonParticleFX/PolygonParticles/Models/Materials/PolygonApocalypse_Texture_01_Cleaned.mat using Guid(aa6e0bf6964ff3d4e8156d0f39f8bf23) Importer(815301076,1909f56bfc062723c751e8b465ee728b)  -> (artifact id: 'dbf96de67052d3cfe12027616c0f5080') in 0.013692 seconds
Number of updated asset objects reloaded before import = 0
Number of asset objects unloaded after import = 1
========================================================================
Received Import Request.
  Time since last request: 0.000065 seconds.
  path: Assets/PolygonParticleFX/PolygonParticles/Materials/PolygonParticleFX_Cutout_Round_VertexLit.mat
  artifactKey: Guid(a56a6d4404bb5944c8e5a9bd16f2b31e) Importer(815301076,1909f56bfc062723c751e8b465ee728b)
Start importing Assets/PolygonParticleFX/PolygonParticles/Materials/PolygonParticleFX_Cutout_Round_VertexLit.mat using Guid(a56a6d4404bb5944c8e5a9bd16f2b31e) Importer(815301076,1909f56bfc062723c751e8b465ee728b)  -> (artifact id: 'f164fceb4f194df5dc9527a8d7ebe6bc') in 0.022317 seconds
Number of updated asset objects reloaded before import = 0
Number of asset objects unloaded after import = 2
========================================================================
Received Import Request.
  Time since last request: 0.000020 seconds.
  path: Assets/PolygonParticleFX/PolygonParticles/Materials/PolygonParticleFX_Cutout_Round_Multiply.mat
  artifactKey: Guid(f9fa7768fbf327049884a40be125ebc5) Importer(815301076,1909f56bfc062723c751e8b465ee728b)
Start importing Assets/PolygonParticleFX/PolygonParticles/Materials/PolygonParticleFX_Cutout_Round_Multiply.mat using Guid(f9fa7768fbf327049884a40be125ebc5) Importer(815301076,1909f56bfc062723c751e8b465ee728b)  -> (artifact id: 'a5daef3b2f0a0a2cbeb4bc282de0b3c3') in 0.008813 seconds
Number of updated asset objects reloaded before import = 0
Number of asset objects unloaded after import = 2
========================================================================
Received Import Request.
  Time since last request: 0.000021 seconds.
  path: Assets/PolygonParticleFX/PolygonParticles/Materials/PolygonParticleFX_Default.mat
  artifactKey: Guid(0c6ceb865a050c64683892d8aa073844) Importer(815301076,1909f56bfc062723c751e8b465ee728b)
Start importing Assets/PolygonParticleFX/PolygonParticles/Materials/PolygonParticleFX_Default.mat using Guid(0c6ceb865a050c64683892d8aa073844) Importer(815301076,1909f56bfc062723c751e8b465ee728b)  -> (artifact id: '7b4f27bcb613b0c9b610cd856d682221') in 0.068804 seconds
Number of updated asset objects reloaded before import = 0
Number of asset objects unloaded after import = 1
========================================================================
Received Import Request.
  Time since last request: 0.000021 seconds.
  path: Assets/PolygonParticleFX/PolygonParticles/Materials/PolygonParticleFX_Additive_Soft.mat
  artifactKey: Guid(f42a357a923c92f4b9818c765c8b2c03) Importer(815301076,1909f56bfc062723c751e8b465ee728b)
Start importing Assets/PolygonParticleFX/PolygonParticles/Materials/PolygonParticleFX_Additive_Soft.mat using Guid(f42a357a923c92f4b9818c765c8b2c03) Importer(815301076,1909f56bfc062723c751e8b465ee728b)  -> (artifact id: 'bf27cabed05c1f3e8f6f1d3c7a79673a') in 0.010077 seconds
Number of updated asset objects reloaded before import = 0
Number of asset objects unloaded after import = 1
========================================================================
Received Import Request.
  Time since last request: 0.000021 seconds.
  path: Assets/Models/Simple Garage/Models/Longboard.fbx
  artifactKey: Guid(327d01924b7231d47883fe1d588cfbc3) Importer(815301076,1909f56bfc062723c751e8b465ee728b)
Start importing Assets/Models/Simple Garage/Models/Longboard.fbx using Guid(327d01924b7231d47883fe1d588cfbc3) Importer(815301076,1909f56bfc062723c751e8b465ee728b)  -> (artifact id: '2da44f3860462b88635dec2d602f23d7') in 0.052085 seconds
Number of updated asset objects reloaded before import = 0
Number of asset objects unloaded after import = 13
========================================================================
Received Import Request.
  Time since last request: 0.000024 seconds.
  path: Assets/PolygonParticleFX/PolygonParticles/Materials/PolygonParticleFX_Cutout_Round_Dark.mat
  artifactKey: Guid(819f0997b5a3d424bae37f31c7c24f28) Importer(815301076,1909f56bfc062723c751e8b465ee728b)
Start importing Assets/PolygonParticleFX/PolygonParticles/Materials/PolygonParticleFX_Cutout_Round_Dark.mat using Guid(819f0997b5a3d424bae37f31c7c24f28) Importer(815301076,1909f56bfc062723c751e8b465ee728b)  -> (artifact id: 'f0000214795d6a1bf5b3e275674dfaa2') in 0.019030 seconds
Number of updated asset objects reloaded before import = 0
Number of asset objects unloaded after import = 2
========================================================================
Received Import Request.
  Time since last request: 0.000027 seconds.
  path: Assets/Models/ambulance-car/Materials/New Material 1.mat
  artifactKey: Guid(2121c8a8a5189ce4fa162f5b9aa98326) Importer(815301076,1909f56bfc062723c751e8b465ee728b)
Start importing Assets/Models/ambulance-car/Materials/New Material 1.mat using Guid(2121c8a8a5189ce4fa162f5b9aa98326) Importer(815301076,1909f56bfc062723c751e8b465ee728b)  -> (artifact id: '0dcc2e9c2ba0edf480044c4a496ff93e') in 0.023625 seconds
Number of updated asset objects reloaded before import = 0
Number of asset objects unloaded after import = 2
========================================================================
Received Import Request.
  Time since last request: 0.000025 seconds.
  path: Assets/PolygonParticleFX/PolygonParticles/Materials/PolygonParticleFX_Cutout_Round 1.mat
  artifactKey: Guid(931f6cb81f32ff8418b581d210c8dd21) Importer(815301076,1909f56bfc062723c751e8b465ee728b)
Start importing Assets/PolygonParticleFX/PolygonParticles/Materials/PolygonParticleFX_Cutout_Round 1.mat using Guid(931f6cb81f32ff8418b581d210c8dd21) Importer(815301076,1909f56bfc062723c751e8b465ee728b)  -> (artifact id: 'f897952e59fd295b1ff161500c363836') in 0.014171 seconds
Number of updated asset objects reloaded before import = 0
Number of asset objects unloaded after import = 2
========================================================================
Received Import Request.
  Time since last request: 0.000024 seconds.
  path: Assets/PolygonParticleFX/PolygonParticles/Materials/PolygonParticleFX_Dark.mat
  artifactKey: Guid(964f6345d4feb0347958244fe3c32cbe) Importer(815301076,1909f56bfc062723c751e8b465ee728b)
Start importing Assets/PolygonParticleFX/PolygonParticles/Materials/PolygonParticleFX_Dark.mat using Guid(964f6345d4feb0347958244fe3c32cbe) Importer(815301076,1909f56bfc062723c751e8b465ee728b)  -> (artifact id: '78e4d23fcaef7186dc346fa230aad33c') in 0.171974 seconds
Number of updated asset objects reloaded before import = 0
Number of asset objects unloaded after import = 1
========================================================================
Received Import Request.
  Time since last request: 0.000028 seconds.
  path: Assets/Models/simple-red-arrow/source/arrow2.fbx
  artifactKey: Guid(9ec0d7e6590abad4b969d2db6e193fbf) Importer(815301076,1909f56bfc062723c751e8b465ee728b)
Start importing Assets/Models/simple-red-arrow/source/arrow2.fbx using Guid(9ec0d7e6590abad4b969d2db6e193fbf) Importer(815301076,1909f56bfc062723c751e8b465ee728b)  -> (artifact id: '09bf67c94d43e268249dca0392bd1f7a') in 0.042325 seconds
Number of updated asset objects reloaded before import = 0
Number of asset objects unloaded after import = 10
========================================================================
Received Import Request.
  Time since last request: 0.000034 seconds.
  path: Assets/PolygonParticleFX/PolygonParticles/Materials/PolygonParticleFX_Default_01.mat
  artifactKey: Guid(417cbbf4755e392408e489080c4ede09) Importer(815301076,1909f56bfc062723c751e8b465ee728b)
Start importing Assets/PolygonParticleFX/PolygonParticles/Materials/PolygonParticleFX_Default_01.mat using Guid(417cbbf4755e392408e489080c4ede09) Importer(815301076,1909f56bfc062723c751e8b465ee728b)  -> (artifact id: '069dd54baf19252ce84cda80a3ed4a85') in 0.009476 seconds
Number of updated asset objects reloaded before import = 0
Number of asset objects unloaded after import = 1
========================================================================
Received Import Request.
  Time since last request: 0.000045 seconds.
  path: Assets/Models/Simple Garage/Materials/Longboard albedo.mat
  artifactKey: Guid(dc1d5ab937e4b0b46833f454d7f1ec28) Importer(815301076,1909f56bfc062723c751e8b465ee728b)
Start importing Assets/Models/Simple Garage/Materials/Longboard albedo.mat using Guid(dc1d5ab937e4b0b46833f454d7f1ec28) Importer(815301076,1909f56bfc062723c751e8b465ee728b)  -> (artifact id: '44682b6795481d4ad4bfeccc5abfa33d') in 0.019086 seconds
Number of updated asset objects reloaded before import = 0
Number of asset objects unloaded after import = 3
========================================================================
Received Import Request.
  Time since last request: 0.000022 seconds.
  path: Assets/Models/Simple Garage/Materials/Longboard.wheels.mat
  artifactKey: Guid(3038a907f8152d646a6777016ad52194) Importer(815301076,1909f56bfc062723c751e8b465ee728b)
Start importing Assets/Models/Simple Garage/Materials/Longboard.wheels.mat using Guid(3038a907f8152d646a6777016ad52194) Importer(815301076,1909f56bfc062723c751e8b465ee728b)  -> (artifact id: 'e18804972fa10d78a890ac6c79841ef2') in 0.021667 seconds
Number of updated asset objects reloaded before import = 0
Number of asset objects unloaded after import = 1
========================================================================
Received Import Request.
  Time since last request: 0.000049 seconds.
  path: Assets/Models/Simple Garage/Materials/mirrorh.mat
  artifactKey: Guid(a2a10a5c9140c274abdaf0939ce3279b) Importer(815301076,1909f56bfc062723c751e8b465ee728b)
Start importing Assets/Models/Simple Garage/Materials/mirrorh.mat using Guid(a2a10a5c9140c274abdaf0939ce3279b) Importer(815301076,1909f56bfc062723c751e8b465ee728b)  -> (artifact id: '30ad768fda744192b58fede0176eee6a') in 0.039449 seconds
Number of updated asset objects reloaded before import = 0
Number of asset objects unloaded after import = 1
========================================================================
Received Import Request.
  Time since last request: 0.000046 seconds.
  path: Assets/RCK 2.3/Standard Assets/Terrain Assets/Trees Ambient-Occlusion/Palm/Materials/palmbranch.mat
  artifactKey: Guid(3186f38ca67e7441e8299da2e169f9f9) Importer(815301076,1909f56bfc062723c751e8b465ee728b)
Start importing Assets/RCK 2.3/Standard Assets/Terrain Assets/Trees Ambient-Occlusion/Palm/Materials/palmbranch.mat using Guid(3186f38ca67e7441e8299da2e169f9f9) Importer(815301076,1909f56bfc062723c751e8b465ee728b)  -> (artifact id: '3c50a7ace526d7377547a3a6e20637e9') in 0.132561 seconds
Number of updated asset objects reloaded before import = 0
Number of asset objects unloaded after import = 2
========================================================================
Received Import Request.
  Time since last request: 0.000037 seconds.
  path: Assets/PolygonParticleFX/PolygonParticles/Materials/PolygonParticleFX_Emission.mat
  artifactKey: Guid(11110f8b297fb5842984fab30e790888) Importer(815301076,1909f56bfc062723c751e8b465ee728b)
Start importing Assets/PolygonParticleFX/PolygonParticles/Materials/PolygonParticleFX_Emission.mat using Guid(11110f8b297fb5842984fab30e790888) Importer(815301076,1909f56bfc062723c751e8b465ee728b)  -> (artifact id: 'c9d133dc94d89dc583df8e6bbc22c4b1') in 0.119796 seconds
Number of updated asset objects reloaded before import = 0
Number of asset objects unloaded after import = 2
========================================================================
Received Import Request.
  Time since last request: 0.000090 seconds.
  path: Assets/RCK 2.3/Standard Assets/Projectors/Sources/Materials/Light Material.mat
  artifactKey: Guid(a9cdb98423c19412bbac43b1fb623c48) Importer(815301076,1909f56bfc062723c751e8b465ee728b)
Start importing Assets/RCK 2.3/Standard Assets/Projectors/Sources/Materials/Light Material.mat using Guid(a9cdb98423c19412bbac43b1fb623c48) Importer(815301076,1909f56bfc062723c751e8b465ee728b)  -> (artifact id: '368e484874cd0ca137738db125b73550') in 0.104330 seconds
Number of updated asset objects reloaded before import = 0
Number of asset objects unloaded after import = 3
========================================================================
Received Import Request.
  Time since last request: 0.000043 seconds.
  path: Assets/RCK 2.3/Models/Vahicles/RallyCar/Materials/Inside.mat
  artifactKey: Guid(e0b562b8d40461d48a3fe07aed5dd955) Importer(815301076,1909f56bfc062723c751e8b465ee728b)
Start importing Assets/RCK 2.3/Models/Vahicles/RallyCar/Materials/Inside.mat using Guid(e0b562b8d40461d48a3fe07aed5dd955) Importer(815301076,1909f56bfc062723c751e8b465ee728b)  -> (artifact id: '75b1c2b82f372b1ab845fbb96c3bc116') in 0.037815 seconds
Number of updated asset objects reloaded before import = 0
Number of asset objects unloaded after import = 2
========================================================================
Received Import Request.
  Time since last request: 0.000038 seconds.
  path: Assets/TextMesh Pro/Resources/Fonts & Materials/LiberationSans SDF - Fallback.asset
  artifactKey: Guid(2e498d1c8094910479dc3e1b768306a4) Importer(815301076,1909f56bfc062723c751e8b465ee728b)
Start importing Assets/TextMesh Pro/Resources/Fonts & Materials/LiberationSans SDF - Fallback.asset using Guid(2e498d1c8094910479dc3e1b768306a4) Importer(815301076,1909f56bfc062723c751e8b465ee728b)  -> (artifact id: 'c3d15bac43ae8c6e1c873948bf723c6c') in 0.144719 seconds
Number of updated asset objects reloaded before import = 0
Number of asset objects unloaded after import = 6
========================================================================
Received Import Request.
  Time since last request: 0.000075 seconds.
  path: Assets/Models/Classical_city/Materials/night_sky.mat
  artifactKey: Guid(b4d0c448f3b7e5c439ea6bd2bc40c38c) Importer(815301076,1909f56bfc062723c751e8b465ee728b)
Start importing Assets/Models/Classical_city/Materials/night_sky.mat using Guid(b4d0c448f3b7e5c439ea6bd2bc40c38c) Importer(815301076,1909f56bfc062723c751e8b465ee728b)  -> (artifact id: 'c60e253423c1f0d57704314569b8b1a5') in 0.393564 seconds
Number of updated asset objects reloaded before import = 0
Number of asset objects unloaded after import = 2
========================================================================
Received Import Request.
  Time since last request: 0.000066 seconds.
  path: Assets/Models/Simple Garage/Models/Machinery parts.mirror.fbx
  artifactKey: Guid(681be740132a8364fb1e414a4988c47d) Importer(815301076,1909f56bfc062723c751e8b465ee728b)
Start importing Assets/Models/Simple Garage/Models/Machinery parts.mirror.fbx using Guid(681be740132a8364fb1e414a4988c47d) Importer(815301076,1909f56bfc062723c751e8b465ee728b)  -> (artifact id: 'be4f5f1f25ebfa53f08c6d417f501c94') in 0.054286 seconds
Number of updated asset objects reloaded before import = 0
Number of asset objects unloaded after import = 10
========================================================================
Received Import Request.
  Time since last request: 0.000061 seconds.
  path: Assets/Models/Simple Garage/Materials/Old conditioner.mat
  artifactKey: Guid(5abe15de1cb80d14d8c263db80d7100b) Importer(815301076,1909f56bfc062723c751e8b465ee728b)
Start importing Assets/Models/Simple Garage/Materials/Old conditioner.mat using Guid(5abe15de1cb80d14d8c263db80d7100b) Importer(815301076,1909f56bfc062723c751e8b465ee728b)  -> (artifact id: '1e8c1ed69ffccfdd5af5db12300a2641') in 0.026998 seconds
Number of updated asset objects reloaded before import = 0
Number of asset objects unloaded after import = 1
========================================================================
Received Import Request.
  Time since last request: 0.000055 seconds.
  path: Assets/Models/Simple Garage/Materials/Longboard.wheels.001.mat
  artifactKey: Guid(38c856b4ea183a0449a7f01630d0ca78) Importer(815301076,1909f56bfc062723c751e8b465ee728b)
Start importing Assets/Models/Simple Garage/Materials/Longboard.wheels.001.mat using Guid(38c856b4ea183a0449a7f01630d0ca78) Importer(815301076,1909f56bfc062723c751e8b465ee728b)  -> (artifact id: 'c44f551311a337a267454610f4d566fd') in 0.023661 seconds
Number of updated asset objects reloaded before import = 0
Number of asset objects unloaded after import = 1
========================================================================
Received Import Request.
  Time since last request: 0.000100 seconds.
  path: Assets/Models/Simple Garage/Materials/light emission no.mat
  artifactKey: Guid(9a37adedc100c1749b8f3b355c0eb6a9) Importer(815301076,1909f56bfc062723c751e8b465ee728b)
Start importing Assets/Models/Simple Garage/Materials/light emission no.mat using Guid(9a37adedc100c1749b8f3b355c0eb6a9) Importer(815301076,1909f56bfc062723c751e8b465ee728b)  -> (artifact id: '84df67ab39b895736663e7e69d4a6d33') in 0.025464 seconds
Number of updated asset objects reloaded before import = 0
Number of asset objects unloaded after import = 1
========================================================================
Received Import Request.
  Time since last request: 0.000046 seconds.
  path: Assets/RCK 2.3/Materials/Pivot.mat
  artifactKey: Guid(c21a3e0c986d6f747bae692efbc105b5) Importer(815301076,1909f56bfc062723c751e8b465ee728b)
Start importing Assets/RCK 2.3/Materials/Pivot.mat using Guid(c21a3e0c986d6f747bae692efbc105b5) Importer(815301076,1909f56bfc062723c751e8b465ee728b)  -> (artifact id: '75eb5493f98dc09220afced2cd03f952') in 0.026008 seconds
Number of updated asset objects reloaded before import = 0
Number of asset objects unloaded after import = 2
========================================================================
Received Import Request.
  Time since last request: 0.258421 seconds.
  path: Assets/Models/rettungswagen-krankenwagen-ambulance/source/Glass_Mat.mat
  artifactKey: Guid(87ede3a4af040ba478251eef8d332132) Importer(815301076,1909f56bfc062723c751e8b465ee728b)
Start importing Assets/Models/rettungswagen-krankenwagen-ambulance/source/Glass_Mat.mat using Guid(87ede3a4af040ba478251eef8d332132) Importer(815301076,1909f56bfc062723c751e8b465ee728b)  -> (artifact id: '88435dca0ea3ebfde93c7b4971904ca3') in 0.017243 seconds
Number of updated asset objects reloaded before import = 0
Number of asset objects unloaded after import = 1
========================================================================
Received Import Request.
  Time since last request: 0.000020 seconds.
  path: Assets/RCK 2.3/GUIs/Other/Materials/grid 2.mat
  artifactKey: Guid(72dc73adc460f4940925abcd0b080ebd) Importer(815301076,1909f56bfc062723c751e8b465ee728b)
Start importing Assets/RCK 2.3/GUIs/Other/Materials/grid 2.mat using Guid(72dc73adc460f4940925abcd0b080ebd) Importer(815301076,1909f56bfc062723c751e8b465ee728b)  -> (artifact id: '430bb8aefb209e903c04f48d952929b8') in 0.025838 seconds
Number of updated asset objects reloaded before import = 0
Number of asset objects unloaded after import = 2
========================================================================
Received Import Request.
  Time since last request: 0.000022 seconds.
  path: Assets/Models/Classical_city/Materials/ground.mat
  artifactKey: Guid(62e976d9124e4564e8624bc80404934c) Importer(815301076,1909f56bfc062723c751e8b465ee728b)
Start importing Assets/Models/Classical_city/Materials/ground.mat using Guid(62e976d9124e4564e8624bc80404934c) Importer(815301076,1909f56bfc062723c751e8b465ee728b)  -> (artifact id: '84d016430d225486fb37abe43eee99dc') in 0.029296 seconds
Number of updated asset objects reloaded before import = 0
Number of asset objects unloaded after import = 2
========================================================================
Received Import Request.
  Time since last request: 0.000024 seconds.
  path: Assets/RCK 2.3/Standard Assets/Projectors/Sources/Materials/Grid Material.mat
  artifactKey: Guid(52a1cf6eec0cc4f64bd6dfc9a3e8fe14) Importer(815301076,1909f56bfc062723c751e8b465ee728b)
Start importing Assets/RCK 2.3/Standard Assets/Projectors/Sources/Materials/Grid Material.mat using Guid(52a1cf6eec0cc4f64bd6dfc9a3e8fe14) Importer(815301076,1909f56bfc062723c751e8b465ee728b)  -> (artifact id: '8a4fba08e7d8939d2ca6545a5bbf1803') in 0.025208 seconds
Number of updated asset objects reloaded before import = 0
Number of asset objects unloaded after import = 3
========================================================================
Received Import Request.
  Time since last request: 0.031589 seconds.
  path: Assets/Fonts/Genos/Genos-Black.ttf
  artifactKey: Guid(bb047ccda093dab4591154d24edaa4ec) Importer(815301076,1909f56bfc062723c751e8b465ee728b)
Start importing Assets/Fonts/Genos/Genos-Black.ttf using Guid(bb047ccda093dab4591154d24edaa4ec) Importer(815301076,1909f56bfc062723c751e8b465ee728b)  -> (artifact id: 'b2ba1dd36432ec32973d79c38280c663') in 0.018356 seconds
Number of updated asset objects reloaded before import = 0
Number of asset objects unloaded after import = 4
========================================================================
Received Import Request.
  Time since last request: 0.000026 seconds.
  path: Assets/Fonts/Genos/Genos-Italic.ttf
  artifactKey: Guid(7a0194c9a58657341bc21d10dd60b174) Importer(815301076,1909f56bfc062723c751e8b465ee728b)
Start importing Assets/Fonts/Genos/Genos-Italic.ttf using Guid(7a0194c9a58657341bc21d10dd60b174) Importer(815301076,1909f56bfc062723c751e8b465ee728b)  -> (artifact id: 'aaf8e0ffb4b7966455f94f9b1c8cad3f') in 0.017902 seconds
Number of updated asset objects reloaded before import = 0
Number of asset objects unloaded after import = 4
========================================================================
Received Import Request.
  Time since last request: 0.000046 seconds.
  path: Assets/Fonts/Genos/Genos-Thin.ttf
  artifactKey: Guid(bc27a65423f7bda4281734f18d4cf046) Importer(815301076,1909f56bfc062723c751e8b465ee728b)
Start importing Assets/Fonts/Genos/Genos-Thin.ttf using Guid(bc27a65423f7bda4281734f18d4cf046) Importer(815301076,1909f56bfc062723c751e8b465ee728b)  -> (artifact id: '87eddb51a1e2718b5a2f5d909c4c5c71') in 0.018048 seconds
Number of updated asset objects reloaded before import = 0
Number of asset objects unloaded after import = 4
========================================================================
Received Import Request.
  Time since last request: 0.000025 seconds.
  path: Assets/Models/Simple Garage/Materials/Garage door albedo.mat
  artifactKey: Guid(7ef4fb80a8e8ba548aacc1d07b7b1b39) Importer(815301076,1909f56bfc062723c751e8b465ee728b)
Start importing Assets/Models/Simple Garage/Materials/Garage door albedo.mat using Guid(7ef4fb80a8e8ba548aacc1d07b7b1b39) Importer(815301076,1909f56bfc062723c751e8b465ee728b)  -> (artifact id: '25ca21ad07dfb969817ac01d7403770c') in 0.016283 seconds
Number of updated asset objects reloaded before import = 0
Number of asset objects unloaded after import = 3
========================================================================
Received Import Request.
  Time since last request: 0.000029 seconds.
  path: Assets/RCK 2.3/Models/Vahicles/RallyCar/Materials/Glass.mat
  artifactKey: Guid(a432ad8fefba51643b7c63abf9351b6f) Importer(815301076,1909f56bfc062723c751e8b465ee728b)
Start importing Assets/RCK 2.3/Models/Vahicles/RallyCar/Materials/Glass.mat using Guid(a432ad8fefba51643b7c63abf9351b6f) Importer(815301076,1909f56bfc062723c751e8b465ee728b)  -> (artifact id: 'd7fb60ce6fad29d1be44af14341b97a0') in 0.013586 seconds
Number of updated asset objects reloaded before import = 0
Number of asset objects unloaded after import = 1
========================================================================
Received Import Request.
  Time since last request: 0.000038 seconds.
  path: Assets/Fonts/Genos/Genos-SemiBoldItalic.ttf
  artifactKey: Guid(032833583c8c6f049820c5f856c18c8a) Importer(815301076,1909f56bfc062723c751e8b465ee728b)
Start importing Assets/Fonts/Genos/Genos-SemiBoldItalic.ttf using Guid(032833583c8c6f049820c5f856c18c8a) Importer(815301076,1909f56bfc062723c751e8b465ee728b)  -> (artifact id: '187487a9b3ad49451cae43eaf2790435') in 0.015902 seconds
Number of updated asset objects reloaded before import = 0
Number of asset objects unloaded after import = 4
========================================================================
Received Import Request.
  Time since last request: 0.000019 seconds.
  path: Assets/Models/Classical_city/Materials/Glass.mat
  artifactKey: Guid(a903a90cb5d6ff440a98e72f30680263) Importer(815301076,1909f56bfc062723c751e8b465ee728b)
Start importing Assets/Models/Classical_city/Materials/Glass.mat using Guid(a903a90cb5d6ff440a98e72f30680263) Importer(815301076,1909f56bfc062723c751e8b465ee728b)  -> (artifact id: '793cff9c1ad267dee280e48c8596917e') in 0.017283 seconds
Number of updated asset objects reloaded before import = 0
Number of asset objects unloaded after import = 1
========================================================================
Received Import Request.
  Time since last request: 0.000168 seconds.
  path: Assets/RCK 2.3/Models/Vahicles/PoliceCar/Materials/glass.mat
  artifactKey: Guid(ce5b83418f3c88d4fa6c6b5ab9b17cb0) Importer(815301076,1909f56bfc062723c751e8b465ee728b)
Start importing Assets/RCK 2.3/Models/Vahicles/PoliceCar/Materials/glass.mat using Guid(ce5b83418f3c88d4fa6c6b5ab9b17cb0) Importer(815301076,1909f56bfc062723c751e8b465ee728b)  -> (artifact id: 'd1bd634c08660256038ebc09abf9d5fd') in 0.016436 seconds
Number of updated asset objects reloaded before import = 0
Number of asset objects unloaded after import = 1
========================================================================
Received Import Request.
  Time since last request: 0.000032 seconds.
  path: Assets/Fonts/Genos/Genos-ExtraBold.ttf
  artifactKey: Guid(148e5189cb56b8346b24e267e5eae39c) Importer(815301076,1909f56bfc062723c751e8b465ee728b)
Start importing Assets/Fonts/Genos/Genos-ExtraBold.ttf using Guid(148e5189cb56b8346b24e267e5eae39c) Importer(815301076,1909f56bfc062723c751e8b465ee728b)  -> (artifact id: 'd82bf88b6a1e0de18955b732c603e094') in 0.015408 seconds
Number of updated asset objects reloaded before import = 0
Number of asset objects unloaded after import = 4
========================================================================
Received Import Request.
  Time since last request: 0.000030 seconds.
  path: Assets/Fonts/Genos/Genos-SemiBold.ttf
  artifactKey: Guid(029b358ffd47f7e46852c87383aac2ae) Importer(815301076,1909f56bfc062723c751e8b465ee728b)
Start importing Assets/Fonts/Genos/Genos-SemiBold.ttf using Guid(029b358ffd47f7e46852c87383aac2ae) Importer(815301076,1909f56bfc062723c751e8b465ee728b)  -> (artifact id: 'c17d2c902dfb0e9d2e4a3ebd92f0e035') in 0.016956 seconds
Number of updated asset objects reloaded before import = 0
Number of asset objects unloaded after import = 4
========================================================================
Received Import Request.
  Time since last request: 0.000029 seconds.
  path: Assets/SkySeries Freebie/ExampleScenes/SceneObjects/4_10.mat
  artifactKey: Guid(db3bceb128d32144ca6fd4550ac256bc) Importer(815301076,1909f56bfc062723c751e8b465ee728b)
Start importing Assets/SkySeries Freebie/ExampleScenes/SceneObjects/4_10.mat using Guid(db3bceb128d32144ca6fd4550ac256bc) Importer(815301076,1909f56bfc062723c751e8b465ee728b)  -> (artifact id: '578e103457665e5632b2ecbce2879b85') in 0.020509 seconds
Number of updated asset objects reloaded before import = 0
Number of asset objects unloaded after import = 1
========================================================================
Received Import Request.
  Time since last request: 0.018855 seconds.
  path: Assets/SkySeries Freebie/ExampleScenes/SceneObjects/Full.mat
  artifactKey: Guid(1b27a20a436b4c64b882a6f739bf91de) Importer(815301076,1909f56bfc062723c751e8b465ee728b)
Start importing Assets/SkySeries Freebie/ExampleScenes/SceneObjects/Full.mat using Guid(1b27a20a436b4c64b882a6f739bf91de) Importer(815301076,1909f56bfc062723c751e8b465ee728b)  -> (artifact id: '0a235296223cdfd78825d15d0362c672') in 0.016361 seconds
Number of updated asset objects reloaded before import = 0
Number of asset objects unloaded after import = 1
========================================================================
Received Import Request.
  Time since last request: 0.000026 seconds.
  path: Assets/Models/Simple Garage/Materials/[0036_BurlyWood].mat
  artifactKey: Guid(b233ae0ecddf1804ab2ba09bd2e0ccc8) Importer(815301076,1909f56bfc062723c751e8b465ee728b)
Start importing Assets/Models/Simple Garage/Materials/[0036_BurlyWood].mat using Guid(b233ae0ecddf1804ab2ba09bd2e0ccc8) Importer(815301076,1909f56bfc062723c751e8b465ee728b)  -> (artifact id: 'df2ed484dd336d02da24efba5cd464e4') in 0.014020 seconds
Number of updated asset objects reloaded before import = 0
Number of asset objects unloaded after import = 1
========================================================================
Received Import Request.
  Time since last request: 0.000034 seconds.
  path: Assets/Models/Simple Garage/Materials/[0132_LightGray].mat
  artifactKey: Guid(4e86ca9f8f7424744a4426c0ee5c0145) Importer(815301076,1909f56bfc062723c751e8b465ee728b)
Start importing Assets/Models/Simple Garage/Materials/[0132_LightGray].mat using Guid(4e86ca9f8f7424744a4426c0ee5c0145) Importer(815301076,1909f56bfc062723c751e8b465ee728b)  -> (artifact id: '5707d00da80263f065a8f7bd20b38c2d') in 0.014679 seconds
Number of updated asset objects reloaded before import = 0
Number of asset objects unloaded after import = 1
========================================================================
Received Import Request.
  Time since last request: 0.000020 seconds.
  path: Assets/Models/Simple Garage/Materials/[Color_009].mat
  artifactKey: Guid(55b8eb16ac31e2d419b8cf5d4b960ff6) Importer(815301076,1909f56bfc062723c751e8b465ee728b)
Start importing Assets/Models/Simple Garage/Materials/[Color_009].mat using Guid(55b8eb16ac31e2d419b8cf5d4b960ff6) Importer(815301076,1909f56bfc062723c751e8b465ee728b)  -> (artifact id: '64f6f347389a66a78add65e2706c6cba') in 0.014846 seconds
Number of updated asset objects reloaded before import = 0
Number of asset objects unloaded after import = 1
========================================================================
Received Import Request.
  Time since last request: 0.000034 seconds.
  path: Assets/Models/Simple Garage/Materials/[Color_003].mat
  artifactKey: Guid(6453aa9316b043047a8785e48b115d14) Importer(815301076,1909f56bfc062723c751e8b465ee728b)
Start importing Assets/Models/Simple Garage/Materials/[Color_003].mat using Guid(6453aa9316b043047a8785e48b115d14) Importer(815301076,1909f56bfc062723c751e8b465ee728b)  -> (artifact id: 'd70bf2a2c233f5244e2c4e098e08a4de') in 0.016547 seconds
Number of updated asset objects reloaded before import = 0
Number of asset objects unloaded after import = 2
========================================================================
Received Import Request.
  Time since last request: 0.000029 seconds.
  path: Assets/Models/Simple Garage/Models/Machinery parts.on the floor.fbx
  artifactKey: Guid(0bbe402466917cb46b2d7bfa99dde560) Importer(815301076,1909f56bfc062723c751e8b465ee728b)
Start importing Assets/Models/Simple Garage/Models/Machinery parts.on the floor.fbx using Guid(0bbe402466917cb46b2d7bfa99dde560) Importer(815301076,1909f56bfc062723c751e8b465ee728b)  -> (artifact id: 'a4be525e0f91955c2f34bd353e230dbf') in 0.043142 seconds
Number of updated asset objects reloaded before import = 0
Number of asset objects unloaded after import = 10
========================================================================
Received Import Request.
  Time since last request: 0.000025 seconds.
  path: Assets/Models/Simple Garage/Materials/[Color_008].mat
  artifactKey: Guid(46ad52cea5356844da7e50bd859b8fbb) Importer(815301076,1909f56bfc062723c751e8b465ee728b)
Start importing Assets/Models/Simple Garage/Materials/[Color_008].mat using Guid(46ad52cea5356844da7e50bd859b8fbb) Importer(815301076,1909f56bfc062723c751e8b465ee728b)  -> (artifact id: '681e6308d3669e22f4ae2b2b652b33af') in 0.017945 seconds
Number of updated asset objects reloaded before import = 0
Number of asset objects unloaded after import = 2
========================================================================
Received Import Request.
  Time since last request: 0.000028 seconds.
  path: Assets/Models/ambulance/source/Materials/14778_ambulance.mat
  artifactKey: Guid(add7a881ef14f934aa9c70071ff7bf55) Importer(815301076,1909f56bfc062723c751e8b465ee728b)
Start importing Assets/Models/ambulance/source/Materials/14778_ambulance.mat using Guid(add7a881ef14f934aa9c70071ff7bf55) Importer(815301076,1909f56bfc062723c751e8b465ee728b)  -> (artifact id: '480b15ed00599222d8654320f9d1bde7') in 0.029547 seconds
Number of updated asset objects reloaded before import = 0
Number of asset objects unloaded after import = 2
========================================================================
Received Import Request.
  Time since last request: 0.000019 seconds.
  path: Assets/Fonts/Genos/Genos-ExtraLight.ttf
  artifactKey: Guid(1dffa3f7f0e13554c98cb0315a8e2325) Importer(815301076,1909f56bfc062723c751e8b465ee728b)
Start importing Assets/Fonts/Genos/Genos-ExtraLight.ttf using Guid(1dffa3f7f0e13554c98cb0315a8e2325) Importer(815301076,1909f56bfc062723c751e8b465ee728b)  -> (artifact id: '62a5818c4162b51c5a95cb221f19ba31') in 0.017007 seconds
Number of updated asset objects reloaded before import = 0
Number of asset objects unloaded after import = 4
========================================================================
Received Import Request.
  Time since last request: 0.000035 seconds.
  path: Assets/Models/Simple Garage/Materials/[Color_A11].mat
  artifactKey: Guid(36093744cd3aa9d42907bee716812a0c) Importer(815301076,1909f56bfc062723c751e8b465ee728b)
Start importing Assets/Models/Simple Garage/Materials/[Color_A11].mat using Guid(36093744cd3aa9d42907bee716812a0c) Importer(815301076,1909f56bfc062723c751e8b465ee728b)  -> (artifact id: '6eec7350c062fb203be4cca2f985ba74') in 0.018248 seconds
Number of updated asset objects reloaded before import = 0
Number of asset objects unloaded after import = 2
========================================================================
Received Import Request.
  Time since last request: 0.000028 seconds.
  path: Assets/Models/Simple Garage/Materials/[Color_007].mat
  artifactKey: Guid(81d40aa4a64960c48900fd4a43890725) Importer(815301076,1909f56bfc062723c751e8b465ee728b)
Start importing Assets/Models/Simple Garage/Materials/[Color_007].mat using Guid(81d40aa4a64960c48900fd4a43890725) Importer(815301076,1909f56bfc062723c751e8b465ee728b)  -> (artifact id: 'f92ec86e9ab42f45a8f7f6ba01ede2cc') in 0.015487 seconds
Number of updated asset objects reloaded before import = 0
Number of asset objects unloaded after import = 2
========================================================================
Received Import Request.
  Time since last request: 0.000055 seconds.
  path: Assets/Fonts/Genos/Genos-Regular.ttf
  artifactKey: Guid(643c1fe23b129b943841d24287293aec) Importer(815301076,1909f56bfc062723c751e8b465ee728b)
Start importing Assets/Fonts/Genos/Genos-Regular.ttf using Guid(643c1fe23b129b943841d24287293aec) Importer(815301076,1909f56bfc062723c751e8b465ee728b)  -> (artifact id: 'e34783b7cc223e736d661d47fd8afb08') in 0.014824 seconds
Number of updated asset objects reloaded before import = 0
Number of asset objects unloaded after import = 4
========================================================================
Received Import Request.
  Time since last request: 0.000023 seconds.
  path: Assets/SkySeries Freebie/ExampleScenes/SceneObjects/2_10.mat
  artifactKey: Guid(eb10b6f571322b443bec8c532c088270) Importer(815301076,1909f56bfc062723c751e8b465ee728b)
Start importing Assets/SkySeries Freebie/ExampleScenes/SceneObjects/2_10.mat using Guid(eb10b6f571322b443bec8c532c088270) Importer(815301076,1909f56bfc062723c751e8b465ee728b)  -> (artifact id: 'cbd6b42f746fee75ba8075a382e345a5') in 0.015663 seconds
Number of updated asset objects reloaded before import = 0
Number of asset objects unloaded after import = 1
========================================================================
Received Import Request.
  Time since last request: 0.000033 seconds.
  path: Assets/Fonts/Genos/Genos-Light.ttf
  artifactKey: Guid(57e8ef65247c3b54490119521421f23a) Importer(815301076,1909f56bfc062723c751e8b465ee728b)
Start importing Assets/Fonts/Genos/Genos-Light.ttf using Guid(57e8ef65247c3b54490119521421f23a) Importer(815301076,1909f56bfc062723c751e8b465ee728b)  -> (artifact id: '0fec35daff32259ad7c3077cf97bfce8') in 0.017586 seconds
Number of updated asset objects reloaded before import = 0
Number of asset objects unloaded after import = 4
========================================================================
Received Import Request.
  Time since last request: 0.000028 seconds.
  path: Assets/Models/Simple Garage/Materials/_6.mat
  artifactKey: Guid(592e40746ca9cf944839b21915d3e414) Importer(815301076,1909f56bfc062723c751e8b465ee728b)
Start importing Assets/Models/Simple Garage/Materials/_6.mat using Guid(592e40746ca9cf944839b21915d3e414) Importer(815301076,1909f56bfc062723c751e8b465ee728b)  -> (artifact id: 'b4b219e715d46a8cac6e6559fc69b0a0') in 0.015557 seconds
Number of updated asset objects reloaded before import = 0
Number of asset objects unloaded after import = 1
========================================================================
Received Import Request.
  Time since last request: 0.000026 seconds.
  path: Assets/Fonts/Genos/Genos-ExtraLightItalic.ttf
  artifactKey: Guid(a1cdbf8e6dd5cc243b62543d583554fd) Importer(815301076,1909f56bfc062723c751e8b465ee728b)
Start importing Assets/Fonts/Genos/Genos-ExtraLightItalic.ttf using Guid(a1cdbf8e6dd5cc243b62543d583554fd) Importer(815301076,1909f56bfc062723c751e8b465ee728b)  -> (artifact id: '31e7bfaf9903528d26b4ad6627901a78') in 0.013949 seconds
Number of updated asset objects reloaded before import = 0
Number of asset objects unloaded after import = 4
========================================================================
Received Import Request.
  Time since last request: 0.000030 seconds.
  path: Assets/Models/racing-ramp 1/Materials/22fbefb26ffc2bfaffb329446f00e46a.mat
  artifactKey: Guid(9878ad342e7828b428921bc95574f258) Importer(815301076,1909f56bfc062723c751e8b465ee728b)
Start importing Assets/Models/racing-ramp 1/Materials/22fbefb26ffc2bfaffb329446f00e46a.mat using Guid(9878ad342e7828b428921bc95574f258) Importer(815301076,1909f56bfc062723c751e8b465ee728b)  -> (artifact id: '86b95f0422f7d88fa2704360a40ceef9') in 0.017550 seconds
Number of updated asset objects reloaded before import = 0
Number of asset objects unloaded after import = 2
========================================================================
Received Import Request.
  Time since last request: 0.000032 seconds.
  path: Assets/Models/Simple Garage/Models/Drill Bits.001.fbx
  artifactKey: Guid(837a64de2d8101645bffba32c0c91cf2) Importer(815301076,1909f56bfc062723c751e8b465ee728b)
Start importing Assets/Models/Simple Garage/Models/Drill Bits.001.fbx using Guid(837a64de2d8101645bffba32c0c91cf2) Importer(815301076,1909f56bfc062723c751e8b465ee728b)  -> (artifact id: '6970ace3e7eeb755574cc9680873befa') in 0.027520 seconds
Number of updated asset objects reloaded before import = 0
Number of asset objects unloaded after import = 8
========================================================================
Received Import Request.
  Time since last request: 0.000023 seconds.
  path: Assets/Fonts/Genos/Genos-VariableFont_wght.ttf
  artifactKey: Guid(bd2d28fa3eb921a4ca48e006a9133aa9) Importer(815301076,1909f56bfc062723c751e8b465ee728b)
Start importing Assets/Fonts/Genos/Genos-VariableFont_wght.ttf using Guid(bd2d28fa3eb921a4ca48e006a9133aa9) Importer(815301076,1909f56bfc062723c751e8b465ee728b)  -> (artifact id: '3bafa7a2dc4f9a0c46abeaf55c0fa9d6') in 0.014050 seconds
Number of updated asset objects reloaded before import = 0
Number of asset objects unloaded after import = 4
========================================================================
Received Import Request.
  Time since last request: 0.000030 seconds.
  path: Assets/Fonts/Genos/Genos-Medium.ttf
  artifactKey: Guid(d6d14880b9bb3a84c94cc608a6f5e212) Importer(815301076,1909f56bfc062723c751e8b465ee728b)
Start importing Assets/Fonts/Genos/Genos-Medium.ttf using Guid(d6d14880b9bb3a84c94cc608a6f5e212) Importer(815301076,1909f56bfc062723c751e8b465ee728b)  -> (artifact id: '07af63a31050cebc35ded4d6a6a1b91d') in 0.014509 seconds
Number of updated asset objects reloaded before import = 0
Number of asset objects unloaded after import = 4
========================================================================
Received Import Request.
  Time since last request: 0.000026 seconds.
  path: Assets/Models/Simple Garage/Materials/[_0129_WhiteSmoke_].mat
  artifactKey: Guid(8833c0fdc1dabeb439f07d1d19c7790f) Importer(815301076,1909f56bfc062723c751e8b465ee728b)
Start importing Assets/Models/Simple Garage/Materials/[_0129_WhiteSmoke_].mat using Guid(8833c0fdc1dabeb439f07d1d19c7790f) Importer(815301076,1909f56bfc062723c751e8b465ee728b)  -> (artifact id: '959490b5d4252a050eb065083293a3a3') in 0.014307 seconds
Number of updated asset objects reloaded before import = 0
Number of asset objects unloaded after import = 1
========================================================================
Received Import Request.
  Time since last request: 0.000025 seconds.
  path: Assets/Models/Simple Garage/Models/Round Drill Bits.fbx
  artifactKey: Guid(b8271f886ab9c5b4192fef211129c257) Importer(815301076,1909f56bfc062723c751e8b465ee728b)
Start importing Assets/Models/Simple Garage/Models/Round Drill Bits.fbx using Guid(b8271f886ab9c5b4192fef211129c257) Importer(815301076,1909f56bfc062723c751e8b465ee728b)  -> (artifact id: '06cca7110e21ab64133cd13558476ffc') in 0.026369 seconds
Number of updated asset objects reloaded before import = 0
Number of asset objects unloaded after import = 8
========================================================================
Received Import Request.
  Time since last request: 0.000021 seconds.
  path: Assets/Fonts/Genos/Genos-ThinItalic.ttf
  artifactKey: Guid(2155d005f35fa7c40880e444d212e035) Importer(815301076,1909f56bfc062723c751e8b465ee728b)
Start importing Assets/Fonts/Genos/Genos-ThinItalic.ttf using Guid(2155d005f35fa7c40880e444d212e035) Importer(815301076,1909f56bfc062723c751e8b465ee728b)  -> (artifact id: '7482c0304ffc26029070eb2cd8a8be1e') in 0.013614 seconds
Number of updated asset objects reloaded before import = 0
Number of asset objects unloaded after import = 4
========================================================================
Received Import Request.
  Time since last request: 0.000030 seconds.
  path: Assets/Fonts/Genos/Genos-LightItalic.ttf
  artifactKey: Guid(7fecab7b0f9d2bb42ab7b5709470ec9d) Importer(815301076,1909f56bfc062723c751e8b465ee728b)
Start importing Assets/Fonts/Genos/Genos-LightItalic.ttf using Guid(7fecab7b0f9d2bb42ab7b5709470ec9d) Importer(815301076,1909f56bfc062723c751e8b465ee728b)  -> (artifact id: '50a46b7ab4721f61a682a06815143426') in 0.014369 seconds
Number of updated asset objects reloaded before import = 0
Number of asset objects unloaded after import = 4
========================================================================
Received Import Request.
  Time since last request: 0.000026 seconds.
  path: Assets/Models/Simple Garage/Materials/[Color_A01].mat
  artifactKey: Guid(04497a13553e04046aa5be6e84c08ddb) Importer(815301076,1909f56bfc062723c751e8b465ee728b)
Start importing Assets/Models/Simple Garage/Materials/[Color_A01].mat using Guid(04497a13553e04046aa5be6e84c08ddb) Importer(815301076,1909f56bfc062723c751e8b465ee728b)  -> (artifact id: '8661c0df7475787ca931d197595cfc78') in 0.018989 seconds
Number of updated asset objects reloaded before import = 0
Number of asset objects unloaded after import = 2
========================================================================
Received Import Request.
  Time since last request: 0.000031 seconds.
  path: Assets/Models/Simple Garage/Materials/[Color_B01].mat
  artifactKey: Guid(f2830af80c5ff224aa28e506d21cb9cd) Importer(815301076,1909f56bfc062723c751e8b465ee728b)
Start importing Assets/Models/Simple Garage/Materials/[Color_B01].mat using Guid(f2830af80c5ff224aa28e506d21cb9cd) Importer(815301076,1909f56bfc062723c751e8b465ee728b)  -> (artifact id: '391cfa3734d5961be8b59b4f36b2e35f') in 0.019430 seconds
Number of updated asset objects reloaded before import = 0
Number of asset objects unloaded after import = 2
========================================================================
Received Import Request.
  Time since last request: 0.000032 seconds.
  path: Assets/Fonts/Genos/Genos-Bold.ttf
  artifactKey: Guid(7d25151e9864efb44bb787d8d7463b3a) Importer(815301076,1909f56bfc062723c751e8b465ee728b)
Start importing Assets/Fonts/Genos/Genos-Bold.ttf using Guid(7d25151e9864efb44bb787d8d7463b3a) Importer(815301076,1909f56bfc062723c751e8b465ee728b)  -> (artifact id: 'b12e70540d3cf54f59c37ce2de271c5b') in 0.014479 seconds
Number of updated asset objects reloaded before import = 0
Number of asset objects unloaded after import = 4
========================================================================
Received Import Request.
  Time since last request: 0.000026 seconds.
  path: Assets/Models/Simple Garage/Models/Machinery parts.brake disc.fbx
  artifactKey: Guid(19448b809c61d0c4b9c99cfd024468f3) Importer(815301076,1909f56bfc062723c751e8b465ee728b)
Start importing Assets/Models/Simple Garage/Models/Machinery parts.brake disc.fbx using Guid(19448b809c61d0c4b9c99cfd024468f3) Importer(815301076,1909f56bfc062723c751e8b465ee728b)  -> (artifact id: '07c097a2ee9873218a6989028d430084') in 0.044376 seconds
Number of updated asset objects reloaded before import = 0
Number of asset objects unloaded after import = 11
========================================================================
Received Import Request.
  Time since last request: 3.800599 seconds.
  path: Assets/RCK 2.3/Models/Vahicles/RallyCar/Materials/Default Materia.mat
  artifactKey: Guid(d2a851f8781a087408feb25e1c42bd5c) Importer(815301076,1909f56bfc062723c751e8b465ee728b)
Start importing Assets/RCK 2.3/Models/Vahicles/RallyCar/Materials/Default Materia.mat using Guid(d2a851f8781a087408feb25e1c42bd5c) Importer(815301076,1909f56bfc062723c751e8b465ee728b)  -> (artifact id: '94d11172db2d160f30d3e6ae5bc9482f') in 0.023031 seconds
Number of updated asset objects reloaded before import = 0
Number of asset objects unloaded after import = 1
========================================================================
Received Import Request.
  Time since last request: 11.467628 seconds.
  path: Assets/Models/Classical_city/Materials/banner.mat
  artifactKey: Guid(7e4afafca697c984abfa59bb219df5b7) Importer(815301076,1909f56bfc062723c751e8b465ee728b)
Start importing Assets/Models/Classical_city/Materials/banner.mat using Guid(7e4afafca697c984abfa59bb219df5b7) Importer(815301076,1909f56bfc062723c751e8b465ee728b)  -> (artifact id: 'bdd843ae028fe5cd40cd1603fb8ee180') in 0.021857 seconds
Number of updated asset objects reloaded before import = 0
Number of asset objects unloaded after import = 3
========================================================================
Received Import Request.
  Time since last request: 0.000029 seconds.
  path: Assets/Models/Simple Garage/Materials/body.mat
  artifactKey: Guid(cfa013396b64c1a43af405a116941549) Importer(815301076,1909f56bfc062723c751e8b465ee728b)
Start importing Assets/Models/Simple Garage/Materials/body.mat using Guid(cfa013396b64c1a43af405a116941549) Importer(815301076,1909f56bfc062723c751e8b465ee728b)  -> (artifact id: '4532a4bc949e593fb1516e1a888e2ee4') in 0.019616 seconds
Number of updated asset objects reloaded before import = 0
Number of asset objects unloaded after import = 1
========================================================================
Received Import Request.
  Time since last request: 0.000035 seconds.
  path: Assets/Models/Simple Garage/Models/Machinery parts.Shock Absorber.fbx
  artifactKey: Guid(590bc76de0fd52e48ba7be1edb36a5b6) Importer(815301076,1909f56bfc062723c751e8b465ee728b)
Start importing Assets/Models/Simple Garage/Models/Machinery parts.Shock Absorber.fbx using Guid(590bc76de0fd52e48ba7be1edb36a5b6) Importer(815301076,1909f56bfc062723c751e8b465ee728b)  -> (artifact id: '1b8d60faa581e29bdc3bbd338b1c5f33') in 0.031959 seconds
Number of updated asset objects reloaded before import = 0
Number of asset objects unloaded after import = 8
========================================================================
Received Import Request.
  Time since last request: 0.000039 seconds.
  path: Assets/Models/Simple Garage/Materials/Carpet albedo.mat
  artifactKey: Guid(4d3949fc3b5686e488e9190dae8cf98e) Importer(815301076,1909f56bfc062723c751e8b465ee728b)
Start importing Assets/Models/Simple Garage/Materials/Carpet albedo.mat using Guid(4d3949fc3b5686e488e9190dae8cf98e) Importer(815301076,1909f56bfc062723c751e8b465ee728b)  -> (artifact id: '11233e3cc8f5632644a7dd8edde07500') in 0.020705 seconds
Number of updated asset objects reloaded before import = 0
Number of asset objects unloaded after import = 3
========================================================================
Received Import Request.
  Time since last request: 0.000027 seconds.
  path: Assets/RCK 2.3/Models/Vahicles/OldCar/Materials/Body.mat
  artifactKey: Guid(abaaf19cb76081d4c9f5761fdfb00858) Importer(815301076,1909f56bfc062723c751e8b465ee728b)
Start importing Assets/RCK 2.3/Models/Vahicles/OldCar/Materials/Body.mat using Guid(abaaf19cb76081d4c9f5761fdfb00858) Importer(815301076,1909f56bfc062723c751e8b465ee728b)  -> (artifact id: '42f9ad97d70007154d1741ecd3de2149') in 0.025311 seconds
Number of updated asset objects reloaded before import = 0
Number of asset objects unloaded after import = 3
========================================================================
Received Import Request.
  Time since last request: 0.000024 seconds.
  path: Assets/Models/Simple Garage/Materials/Dark Grey.mat
  artifactKey: Guid(3df0fcd10d7adee40b1d8bf4a642cd48) Importer(815301076,1909f56bfc062723c751e8b465ee728b)
Start importing Assets/Models/Simple Garage/Materials/Dark Grey.mat using Guid(3df0fcd10d7adee40b1d8bf4a642cd48) Importer(815301076,1909f56bfc062723c751e8b465ee728b)  -> (artifact id: '34a04b7bcb5d0b3124d3a483bc026a10') in 0.016620 seconds
Number of updated asset objects reloaded before import = 0
Number of asset objects unloaded after import = 1
========================================================================
Received Import Request.
  Time since last request: 0.000065 seconds.
  path: Assets/Models/Classical_city/Materials/building_b.mat
  artifactKey: Guid(3f5f09875ab3e9b4c8b47357d5379b50) Importer(815301076,1909f56bfc062723c751e8b465ee728b)
Start importing Assets/Models/Classical_city/Materials/building_b.mat using Guid(3f5f09875ab3e9b4c8b47357d5379b50) Importer(815301076,1909f56bfc062723c751e8b465ee728b)  -> (artifact id: 'a89f0b46fbbb147afada14ccf7610f39') in 0.019582 seconds
Number of updated asset objects reloaded before import = 0
Number of asset objects unloaded after import = 2
========================================================================
Received Import Request.
  Time since last request: 0.000031 seconds.
  path: Assets/Models/Simple Garage/Models/Exterior.fbx
  artifactKey: Guid(05a30d1750f15df4e9f9d43f92e779ca) Importer(815301076,1909f56bfc062723c751e8b465ee728b)
Start importing Assets/Models/Simple Garage/Models/Exterior.fbx using Guid(05a30d1750f15df4e9f9d43f92e779ca) Importer(815301076,1909f56bfc062723c751e8b465ee728b)  -> (artifact id: '03805a01912a49c5b07e11319dd1dffa') in 0.046925 seconds
Number of updated asset objects reloaded before import = 0
Number of asset objects unloaded after import = 10
========================================================================
Received Import Request.
  Time since last request: 0.000043 seconds.
  path: Assets/RCK 2.3/Standard Assets/Light Flares/Sources/Materials/flare mat.mat
  artifactKey: Guid(a6dbb96b9d112024d000e929e39e7c39) Importer(815301076,1909f56bfc062723c751e8b465ee728b)
Start importing Assets/RCK 2.3/Standard Assets/Light Flares/Sources/Materials/flare mat.mat using Guid(a6dbb96b9d112024d000e929e39e7c39) Importer(815301076,1909f56bfc062723c751e8b465ee728b)  -> (artifact id: '0c455da3ada9896e9be12dde91e7be46') in 0.068019 seconds
Number of updated asset objects reloaded before import = 0
Number of asset objects unloaded after import = 2
========================================================================
Received Import Request.
  Time since last request: 0.000041 seconds.
  path: Assets/Models/Simple Garage/Materials/Camouflage suitcase albedo.mat
  artifactKey: Guid(9cdd0db4b1331894a9c2a03068bf2e8c) Importer(815301076,1909f56bfc062723c751e8b465ee728b)
Start importing Assets/Models/Simple Garage/Materials/Camouflage suitcase albedo.mat using Guid(9cdd0db4b1331894a9c2a03068bf2e8c) Importer(815301076,1909f56bfc062723c751e8b465ee728b)  -> (artifact id: 'adbf94d6ecf73b0f9c6e4b953b861884') in 0.048794 seconds
Number of updated asset objects reloaded before import = 0
Number of asset objects unloaded after import = 3
Editor requested this worker to shutdown with reason: Scaling down because of idle timeout
TcpMessagingSession - receive error: operation aborted. errorcode: 995, details:  /   -       .
AssetImportWorker is now disconnected from the server
Process exiting
Exiting without the bug reporter. Application will terminate with return code 0